<?xml version="1.0" encoding="UTF-8"?>
<!-- Generated by org.testng.reporters.JUnitXMLReporter -->
<testsuite ignored="0" hostname="DESKTOP-FAIQAUP" failures="1" tests="1" name="Test(failed)" time="0.887" errors="0" timestamp="2023-03-29T22:59:53 CDT">
  <testcase classname="io.cucumber.testng.AbstractTestNGCucumberTests" name="runScenario" time="0.153">
    <failure type="java.lang.NullPointerException" message="Cannot invoke &amp;quot;org.openqa.selenium.WebDriver.get(String)&amp;quot; because &amp;quot;StepDefinition.Graph.driver&amp;quot; is null">
      <![CDATA[java.lang.NullPointerException: Cannot invoke "org.openqa.selenium.WebDriver.get(String)" because "StepDefinition.Graph.driver" is null
at StepDefinition.Graph.the_user_is_on_graph_home_page(Graph.java:36)
at ✽.The user is on graph home page(file:///C:/Users/gayat/eclipse-workspace/DS_Algo_final/src/test/resources/features/92Graph.feature:7)
]]>
    </failure>
  </testcase> <!-- runScenario -->
</testsuite> <!-- Test(failed) -->
