<?xml version="1.0" encoding="UTF-8"?>
<testng-results ignored="0" total="44" passed="44" failed="0" skipped="0">
  <reporter-output>
  </reporter-output>
  <suite started-at="2023-03-22T16:47:31 CDT" name="Default suite" finished-at="2023-03-22T16:48:44 CDT" duration-ms="72352">
    <groups>
      <group name="cucumber">
        <method signature="AbstractTestNGCucumberTests.runScenario(io.cucumber.testng.PickleWrapper,io.cucumber.testng.FeatureWrapper)[pri:0, instance:runner.test_runner@49b2a47d]" name="runScenario" class="io.cucumber.testng.AbstractTestNGCucumberTests"/>
      </group> <!-- cucumber -->
    </groups>
    <test started-at="2023-03-22T16:47:31 CDT" name="Default test" finished-at="2023-03-22T16:48:44 CDT" duration-ms="72352">
      <class name="runner.test_runner">
        <test-method is-config="true" signature="setUpClass(org.testng.ITestContext)[pri:0, instance:runner.test_runner@49b2a47d]" started-at="2023-03-22T16:47:31 CDT" name="setUpClass" finished-at="2023-03-22T16:47:32 CDT" duration-ms="459" status="PASS">
          <params>
            <param index="0">
              <value>
                <![CDATA[org.testng.TestRunner@70680f88]]>
              </value>
            </param>
          </params>
          <reporter-output>
          </reporter-output>
        </test-method> <!-- setUpClass -->
        <test-method signature="runScenario(io.cucumber.testng.PickleWrapper,io.cucumber.testng.FeatureWrapper)[pri:0, instance:runner.test_runner@49b2a47d]" started-at="2023-03-22T16:47:32 CDT" name="runScenario" description="Runs Cucumber Scenarios" data-provider="scenarios" finished-at="2023-03-22T16:47:35 CDT" duration-ms="2949" status="PASS">
          <params>
            <param index="0">
              <value>
                <![CDATA["user navigates to ds_algo portal home page"]]>
              </value>
            </param>
            <param index="1">
              <value>
                <![CDATA["Test DS Algo portal home page"]]>
              </value>
            </param>
          </params>
          <reporter-output>
          </reporter-output>
        </test-method> <!-- runScenario -->
        <test-method signature="runScenario(io.cucumber.testng.PickleWrapper,io.cucumber.testng.FeatureWrapper)[pri:0, instance:runner.test_runner@49b2a47d]" started-at="2023-03-22T16:47:35 CDT" name="runScenario" description="Runs Cucumber Scenarios" data-provider="scenarios" finished-at="2023-03-22T16:47:35 CDT" duration-ms="420" status="PASS">
          <params>
            <param index="0">
              <value>
                <![CDATA["user checks login functionality"]]>
              </value>
            </param>
            <param index="1">
              <value>
                <![CDATA["Test DS Algo portal home page"]]>
              </value>
            </param>
          </params>
          <reporter-output>
          </reporter-output>
        </test-method> <!-- runScenario -->
        <test-method signature="runScenario(io.cucumber.testng.PickleWrapper,io.cucumber.testng.FeatureWrapper)[pri:0, instance:runner.test_runner@49b2a47d]" started-at="2023-03-22T16:47:35 CDT" name="runScenario" description="Runs Cucumber Scenarios" data-provider="scenarios" finished-at="2023-03-22T16:47:36 CDT" duration-ms="260" status="PASS">
          <params>
            <param index="0">
              <value>
                <![CDATA["user checks drop down entries"]]>
              </value>
            </param>
            <param index="1">
              <value>
                <![CDATA["Test DS Algo portal home page"]]>
              </value>
            </param>
          </params>
          <reporter-output>
          </reporter-output>
        </test-method> <!-- runScenario -->
        <test-method signature="runScenario(io.cucumber.testng.PickleWrapper,io.cucumber.testng.FeatureWrapper)[pri:0, instance:runner.test_runner@49b2a47d]" started-at="2023-03-22T16:47:36 CDT" name="runScenario" description="Runs Cucumber Scenarios" data-provider="scenarios" finished-at="2023-03-22T16:47:36 CDT" duration-ms="445" status="PASS">
          <params>
            <param index="0">
              <value>
                <![CDATA["user checks drop down functionality witout sign in"]]>
              </value>
            </param>
            <param index="1">
              <value>
                <![CDATA["Test DS Algo portal home page"]]>
              </value>
            </param>
          </params>
          <reporter-output>
          </reporter-output>
        </test-method> <!-- runScenario -->
        <test-method signature="runScenario(io.cucumber.testng.PickleWrapper,io.cucumber.testng.FeatureWrapper)[pri:0, instance:runner.test_runner@49b2a47d]" started-at="2023-03-22T16:47:36 CDT" name="runScenario" description="Runs Cucumber Scenarios" data-provider="scenarios" finished-at="2023-03-22T16:47:36 CDT" duration-ms="428" status="PASS">
          <params>
            <param index="0">
              <value>
                <![CDATA["user checks drop down functionality witout sign in"]]>
              </value>
            </param>
            <param index="1">
              <value>
                <![CDATA["Test DS Algo portal home page"]]>
              </value>
            </param>
          </params>
          <reporter-output>
          </reporter-output>
        </test-method> <!-- runScenario -->
        <test-method signature="runScenario(io.cucumber.testng.PickleWrapper,io.cucumber.testng.FeatureWrapper)[pri:0, instance:runner.test_runner@49b2a47d]" started-at="2023-03-22T16:47:36 CDT" name="runScenario" description="Runs Cucumber Scenarios" data-provider="scenarios" finished-at="2023-03-22T16:47:37 CDT" duration-ms="493" status="PASS">
          <params>
            <param index="0">
              <value>
                <![CDATA["user checks drop down functionality witout sign in"]]>
              </value>
            </param>
            <param index="1">
              <value>
                <![CDATA["Test DS Algo portal home page"]]>
              </value>
            </param>
          </params>
          <reporter-output>
          </reporter-output>
        </test-method> <!-- runScenario -->
        <test-method signature="runScenario(io.cucumber.testng.PickleWrapper,io.cucumber.testng.FeatureWrapper)[pri:0, instance:runner.test_runner@49b2a47d]" started-at="2023-03-22T16:47:37 CDT" name="runScenario" description="Runs Cucumber Scenarios" data-provider="scenarios" finished-at="2023-03-22T16:47:37 CDT" duration-ms="419" status="PASS">
          <params>
            <param index="0">
              <value>
                <![CDATA["user checks drop down functionality witout sign in"]]>
              </value>
            </param>
            <param index="1">
              <value>
                <![CDATA["Test DS Algo portal home page"]]>
              </value>
            </param>
          </params>
          <reporter-output>
          </reporter-output>
        </test-method> <!-- runScenario -->
        <test-method signature="runScenario(io.cucumber.testng.PickleWrapper,io.cucumber.testng.FeatureWrapper)[pri:0, instance:runner.test_runner@49b2a47d]" started-at="2023-03-22T16:47:37 CDT" name="runScenario" description="Runs Cucumber Scenarios" data-provider="scenarios" finished-at="2023-03-22T16:47:38 CDT" duration-ms="419" status="PASS">
          <params>
            <param index="0">
              <value>
                <![CDATA["user checks drop down functionality witout sign in"]]>
              </value>
            </param>
            <param index="1">
              <value>
                <![CDATA["Test DS Algo portal home page"]]>
              </value>
            </param>
          </params>
          <reporter-output>
          </reporter-output>
        </test-method> <!-- runScenario -->
        <test-method signature="runScenario(io.cucumber.testng.PickleWrapper,io.cucumber.testng.FeatureWrapper)[pri:0, instance:runner.test_runner@49b2a47d]" started-at="2023-03-22T16:47:38 CDT" name="runScenario" description="Runs Cucumber Scenarios" data-provider="scenarios" finished-at="2023-03-22T16:47:38 CDT" duration-ms="395" status="PASS">
          <params>
            <param index="0">
              <value>
                <![CDATA["user checks drop down functionality witout sign in"]]>
              </value>
            </param>
            <param index="1">
              <value>
                <![CDATA["Test DS Algo portal home page"]]>
              </value>
            </param>
          </params>
          <reporter-output>
          </reporter-output>
        </test-method> <!-- runScenario -->
        <test-method signature="runScenario(io.cucumber.testng.PickleWrapper,io.cucumber.testng.FeatureWrapper)[pri:0, instance:runner.test_runner@49b2a47d]" started-at="2023-03-22T16:47:38 CDT" name="runScenario" description="Runs Cucumber Scenarios" data-provider="scenarios" finished-at="2023-03-22T16:47:39 CDT" duration-ms="352" status="PASS">
          <params>
            <param index="0">
              <value>
                <![CDATA["user navigates to sign in page"]]>
              </value>
            </param>
            <param index="1">
              <value>
                <![CDATA["Test DS Algo portal home page"]]>
              </value>
            </param>
          </params>
          <reporter-output>
          </reporter-output>
        </test-method> <!-- runScenario -->
        <test-method signature="runScenario(io.cucumber.testng.PickleWrapper,io.cucumber.testng.FeatureWrapper)[pri:0, instance:runner.test_runner@49b2a47d]" started-at="2023-03-22T16:47:39 CDT" name="runScenario" description="Runs Cucumber Scenarios" data-provider="scenarios" finished-at="2023-03-22T16:47:39 CDT" duration-ms="278" status="PASS">
          <params>
            <param index="0">
              <value>
                <![CDATA["user navigates to registration page"]]>
              </value>
            </param>
            <param index="1">
              <value>
                <![CDATA["Test DS Algo portal home page"]]>
              </value>
            </param>
          </params>
          <reporter-output>
          </reporter-output>
        </test-method> <!-- runScenario -->
        <test-method signature="runScenario(io.cucumber.testng.PickleWrapper,io.cucumber.testng.FeatureWrapper)[pri:0, instance:runner.test_runner@49b2a47d]" started-at="2023-03-22T16:47:39 CDT" name="runScenario" description="Runs Cucumber Scenarios" data-provider="scenarios" finished-at="2023-03-22T16:47:39 CDT" duration-ms="382" status="PASS">
          <params>
            <param index="0">
              <value>
                <![CDATA["The user navigates to ds algo home page"]]>
              </value>
            </param>
            <param index="1">
              <value>
                <![CDATA["Test Automation DS Algo register page"]]>
              </value>
            </param>
          </params>
          <reporter-output>
          </reporter-output>
        </test-method> <!-- runScenario -->
        <test-method signature="runScenario(io.cucumber.testng.PickleWrapper,io.cucumber.testng.FeatureWrapper)[pri:0, instance:runner.test_runner@49b2a47d]" started-at="2023-03-22T16:47:39 CDT" name="runScenario" description="Runs Cucumber Scenarios" data-provider="scenarios" finished-at="2023-03-22T16:47:43 CDT" duration-ms="3379" status="PASS">
          <params>
            <param index="0">
              <value>
                <![CDATA["User navigates to register page"]]>
              </value>
            </param>
            <param index="1">
              <value>
                <![CDATA["Test Automation DS Algo register page"]]>
              </value>
            </param>
          </params>
          <reporter-output>
          </reporter-output>
        </test-method> <!-- runScenario -->
        <test-method signature="runScenario(io.cucumber.testng.PickleWrapper,io.cucumber.testng.FeatureWrapper)[pri:0, instance:runner.test_runner@49b2a47d]" started-at="2023-03-22T16:47:43 CDT" name="runScenario" description="Runs Cucumber Scenarios" data-provider="scenarios" finished-at="2023-03-22T16:47:48 CDT" duration-ms="5538" status="PASS">
          <params>
            <param index="0">
              <value>
                <![CDATA["User should get error message for all fields empty below username textbox"]]>
              </value>
            </param>
            <param index="1">
              <value>
                <![CDATA["Test Automation DS Algo register page"]]>
              </value>
            </param>
          </params>
          <reporter-output>
          </reporter-output>
        </test-method> <!-- runScenario -->
        <test-method signature="runScenario(io.cucumber.testng.PickleWrapper,io.cucumber.testng.FeatureWrapper)[pri:0, instance:runner.test_runner@49b2a47d]" started-at="2023-03-22T16:47:48 CDT" name="runScenario" description="Runs Cucumber Scenarios" data-provider="scenarios" finished-at="2023-03-22T16:47:49 CDT" duration-ms="380" status="PASS">
          <params>
            <param index="0">
              <value>
                <![CDATA["User should get error message below password textbox"]]>
              </value>
            </param>
            <param index="1">
              <value>
                <![CDATA["Test Automation DS Algo register page"]]>
              </value>
            </param>
          </params>
          <reporter-output>
          </reporter-output>
        </test-method> <!-- runScenario -->
        <test-method signature="runScenario(io.cucumber.testng.PickleWrapper,io.cucumber.testng.FeatureWrapper)[pri:0, instance:runner.test_runner@49b2a47d]" started-at="2023-03-22T16:47:49 CDT" name="runScenario" description="Runs Cucumber Scenarios" data-provider="scenarios" finished-at="2023-03-22T16:47:49 CDT" duration-ms="459" status="PASS">
          <params>
            <param index="0">
              <value>
                <![CDATA["User should get error message below confirm password textbox"]]>
              </value>
            </param>
            <param index="1">
              <value>
                <![CDATA["Test Automation DS Algo register page"]]>
              </value>
            </param>
          </params>
          <reporter-output>
          </reporter-output>
        </test-method> <!-- runScenario -->
        <test-method signature="runScenario(io.cucumber.testng.PickleWrapper,io.cucumber.testng.FeatureWrapper)[pri:0, instance:runner.test_runner@49b2a47d]" started-at="2023-03-22T16:47:49 CDT" name="runScenario" description="Runs Cucumber Scenarios" data-provider="scenarios" finished-at="2023-03-22T16:47:50 CDT" duration-ms="695" status="PASS">
          <params>
            <param index="0">
              <value>
                <![CDATA["User registers with invalid username and password"]]>
              </value>
            </param>
            <param index="1">
              <value>
                <![CDATA["Test Automation DS Algo register page"]]>
              </value>
            </param>
          </params>
          <reporter-output>
          </reporter-output>
        </test-method> <!-- runScenario -->
        <test-method signature="runScenario(io.cucumber.testng.PickleWrapper,io.cucumber.testng.FeatureWrapper)[pri:0, instance:runner.test_runner@49b2a47d]" started-at="2023-03-22T16:47:50 CDT" name="runScenario" description="Runs Cucumber Scenarios" data-provider="scenarios" finished-at="2023-03-22T16:47:50 CDT" duration-ms="697" status="PASS">
          <params>
            <param index="0">
              <value>
                <![CDATA["User registers successfully"]]>
              </value>
            </param>
            <param index="1">
              <value>
                <![CDATA["Test Automation DS Algo register page"]]>
              </value>
            </param>
          </params>
          <reporter-output>
          </reporter-output>
        </test-method> <!-- runScenario -->
        <test-method signature="runScenario(io.cucumber.testng.PickleWrapper,io.cucumber.testng.FeatureWrapper)[pri:0, instance:runner.test_runner@49b2a47d]" started-at="2023-03-22T16:47:50 CDT" name="runScenario" description="Runs Cucumber Scenarios" data-provider="scenarios" finished-at="2023-03-22T16:47:51 CDT" duration-ms="468" status="PASS">
          <params>
            <param index="0">
              <value>
                <![CDATA["user tests sign in functionality with empty username textbox"]]>
              </value>
            </param>
            <param index="1">
              <value>
                <![CDATA["Test ds_algo portal sign in page"]]>
              </value>
            </param>
          </params>
          <reporter-output>
          </reporter-output>
        </test-method> <!-- runScenario -->
        <test-method signature="runScenario(io.cucumber.testng.PickleWrapper,io.cucumber.testng.FeatureWrapper)[pri:0, instance:runner.test_runner@49b2a47d]" started-at="2023-03-22T16:47:51 CDT" name="runScenario" description="Runs Cucumber Scenarios" data-provider="scenarios" finished-at="2023-03-22T16:47:51 CDT" duration-ms="398" status="PASS">
          <params>
            <param index="0">
              <value>
                <![CDATA["user tests sign in functionality with empty password textbox"]]>
              </value>
            </param>
            <param index="1">
              <value>
                <![CDATA["Test ds_algo portal sign in page"]]>
              </value>
            </param>
          </params>
          <reporter-output>
          </reporter-output>
        </test-method> <!-- runScenario -->
        <test-method signature="runScenario(io.cucumber.testng.PickleWrapper,io.cucumber.testng.FeatureWrapper)[pri:0, instance:runner.test_runner@49b2a47d]" started-at="2023-03-22T16:47:51 CDT" name="runScenario" description="Runs Cucumber Scenarios" data-provider="scenarios" finished-at="2023-03-22T16:47:52 CDT" duration-ms="372" status="PASS">
          <params>
            <param index="0">
              <value>
                <![CDATA["User tests registration link on sign in page"]]>
              </value>
            </param>
            <param index="1">
              <value>
                <![CDATA["Test ds_algo portal sign in page"]]>
              </value>
            </param>
          </params>
          <reporter-output>
          </reporter-output>
        </test-method> <!-- runScenario -->
        <test-method signature="runScenario(io.cucumber.testng.PickleWrapper,io.cucumber.testng.FeatureWrapper)[pri:0, instance:runner.test_runner@49b2a47d]" started-at="2023-03-22T16:47:52 CDT" name="runScenario" description="Runs Cucumber Scenarios" data-provider="scenarios" finished-at="2023-03-22T16:47:52 CDT" duration-ms="476" status="PASS">
          <params>
            <param index="0">
              <value>
                <![CDATA["User tests sign in link on sign in page"]]>
              </value>
            </param>
            <param index="1">
              <value>
                <![CDATA["Test ds_algo portal sign in page"]]>
              </value>
            </param>
          </params>
          <reporter-output>
          </reporter-output>
        </test-method> <!-- runScenario -->
        <test-method signature="runScenario(io.cucumber.testng.PickleWrapper,io.cucumber.testng.FeatureWrapper)[pri:0, instance:runner.test_runner@49b2a47d]" started-at="2023-03-22T16:47:52 CDT" name="runScenario" description="Runs Cucumber Scenarios" data-provider="scenarios" finished-at="2023-03-22T16:47:53 CDT" duration-ms="382" status="PASS">
          <params>
            <param index="0">
              <value>
                <![CDATA["User tests registration link on sign in page"]]>
              </value>
            </param>
            <param index="1">
              <value>
                <![CDATA["Test ds_algo portal sign in page"]]>
              </value>
            </param>
          </params>
          <reporter-output>
          </reporter-output>
        </test-method> <!-- runScenario -->
        <test-method signature="runScenario(io.cucumber.testng.PickleWrapper,io.cucumber.testng.FeatureWrapper)[pri:0, instance:runner.test_runner@49b2a47d]" started-at="2023-03-22T16:47:53 CDT" name="runScenario" description="Runs Cucumber Scenarios" data-provider="scenarios" finished-at="2023-03-22T16:47:53 CDT" duration-ms="821" status="PASS">
          <params>
            <param index="0">
              <value>
                <![CDATA["User tests drop down list functionality on sign in page"]]>
              </value>
            </param>
            <param index="1">
              <value>
                <![CDATA["Test ds_algo portal sign in page"]]>
              </value>
            </param>
          </params>
          <reporter-output>
          </reporter-output>
        </test-method> <!-- runScenario -->
        <test-method signature="runScenario(io.cucumber.testng.PickleWrapper,io.cucumber.testng.FeatureWrapper)[pri:0, instance:runner.test_runner@49b2a47d]" started-at="2023-03-22T16:47:53 CDT" name="runScenario" description="Runs Cucumber Scenarios" data-provider="scenarios" finished-at="2023-03-22T16:47:54 CDT" duration-ms="704" status="PASS">
          <params>
            <param index="0">
              <value>
                <![CDATA["User tests drop down list functionality on sign in page"]]>
              </value>
            </param>
            <param index="1">
              <value>
                <![CDATA["Test ds_algo portal sign in page"]]>
              </value>
            </param>
          </params>
          <reporter-output>
          </reporter-output>
        </test-method> <!-- runScenario -->
        <test-method signature="runScenario(io.cucumber.testng.PickleWrapper,io.cucumber.testng.FeatureWrapper)[pri:0, instance:runner.test_runner@49b2a47d]" started-at="2023-03-22T16:47:54 CDT" name="runScenario" description="Runs Cucumber Scenarios" data-provider="scenarios" finished-at="2023-03-22T16:47:55 CDT" duration-ms="686" status="PASS">
          <params>
            <param index="0">
              <value>
                <![CDATA["User tests drop down list functionality on sign in page"]]>
              </value>
            </param>
            <param index="1">
              <value>
                <![CDATA["Test ds_algo portal sign in page"]]>
              </value>
            </param>
          </params>
          <reporter-output>
          </reporter-output>
        </test-method> <!-- runScenario -->
        <test-method signature="runScenario(io.cucumber.testng.PickleWrapper,io.cucumber.testng.FeatureWrapper)[pri:0, instance:runner.test_runner@49b2a47d]" started-at="2023-03-22T16:47:55 CDT" name="runScenario" description="Runs Cucumber Scenarios" data-provider="scenarios" finished-at="2023-03-22T16:47:55 CDT" duration-ms="673" status="PASS">
          <params>
            <param index="0">
              <value>
                <![CDATA["User tests drop down list functionality on sign in page"]]>
              </value>
            </param>
            <param index="1">
              <value>
                <![CDATA["Test ds_algo portal sign in page"]]>
              </value>
            </param>
          </params>
          <reporter-output>
          </reporter-output>
        </test-method> <!-- runScenario -->
        <test-method signature="runScenario(io.cucumber.testng.PickleWrapper,io.cucumber.testng.FeatureWrapper)[pri:0, instance:runner.test_runner@49b2a47d]" started-at="2023-03-22T16:47:55 CDT" name="runScenario" description="Runs Cucumber Scenarios" data-provider="scenarios" finished-at="2023-03-22T16:47:56 CDT" duration-ms="780" status="PASS">
          <params>
            <param index="0">
              <value>
                <![CDATA["User tests drop down list functionality on sign in page"]]>
              </value>
            </param>
            <param index="1">
              <value>
                <![CDATA["Test ds_algo portal sign in page"]]>
              </value>
            </param>
          </params>
          <reporter-output>
          </reporter-output>
        </test-method> <!-- runScenario -->
        <test-method signature="runScenario(io.cucumber.testng.PickleWrapper,io.cucumber.testng.FeatureWrapper)[pri:0, instance:runner.test_runner@49b2a47d]" started-at="2023-03-22T16:47:56 CDT" name="runScenario" description="Runs Cucumber Scenarios" data-provider="scenarios" finished-at="2023-03-22T16:47:57 CDT" duration-ms="940" status="PASS">
          <params>
            <param index="0">
              <value>
                <![CDATA["User tests drop down list functionality on sign in page"]]>
              </value>
            </param>
            <param index="1">
              <value>
                <![CDATA["Test ds_algo portal sign in page"]]>
              </value>
            </param>
          </params>
          <reporter-output>
          </reporter-output>
        </test-method> <!-- runScenario -->
        <test-method signature="runScenario(io.cucumber.testng.PickleWrapper,io.cucumber.testng.FeatureWrapper)[pri:0, instance:runner.test_runner@49b2a47d]" started-at="2023-03-22T16:47:57 CDT" name="runScenario" description="Runs Cucumber Scenarios" data-provider="scenarios" finished-at="2023-03-22T16:47:58 CDT" duration-ms="676" status="PASS">
          <params>
            <param index="0">
              <value>
                <![CDATA["user checks for invalid username and password"]]>
              </value>
            </param>
            <param index="1">
              <value>
                <![CDATA["Test ds_algo portal sign in page"]]>
              </value>
            </param>
          </params>
          <reporter-output>
          </reporter-output>
        </test-method> <!-- runScenario -->
        <test-method signature="runScenario(io.cucumber.testng.PickleWrapper,io.cucumber.testng.FeatureWrapper)[pri:0, instance:runner.test_runner@49b2a47d]" started-at="2023-03-22T16:47:58 CDT" name="runScenario" description="Runs Cucumber Scenarios" data-provider="scenarios" finished-at="2023-03-22T16:47:59 CDT" duration-ms="665" status="PASS">
          <params>
            <param index="0">
              <value>
                <![CDATA["user checks for invalid username and password"]]>
              </value>
            </param>
            <param index="1">
              <value>
                <![CDATA["Test ds_algo portal sign in page"]]>
              </value>
            </param>
          </params>
          <reporter-output>
          </reporter-output>
        </test-method> <!-- runScenario -->
        <test-method signature="runScenario(io.cucumber.testng.PickleWrapper,io.cucumber.testng.FeatureWrapper)[pri:0, instance:runner.test_runner@49b2a47d]" started-at="2023-03-22T16:47:59 CDT" name="runScenario" description="Runs Cucumber Scenarios" data-provider="scenarios" finished-at="2023-03-22T16:47:59 CDT" duration-ms="610" status="PASS">
          <params>
            <param index="0">
              <value>
                <![CDATA["user checks for invalid username and password"]]>
              </value>
            </param>
            <param index="1">
              <value>
                <![CDATA["Test ds_algo portal sign in page"]]>
              </value>
            </param>
          </params>
          <reporter-output>
          </reporter-output>
        </test-method> <!-- runScenario -->
        <test-method signature="runScenario(io.cucumber.testng.PickleWrapper,io.cucumber.testng.FeatureWrapper)[pri:0, instance:runner.test_runner@49b2a47d]" started-at="2023-03-22T16:47:59 CDT" name="runScenario" description="Runs Cucumber Scenarios" data-provider="scenarios" finished-at="2023-03-22T16:48:00 CDT" duration-ms="628" status="PASS">
          <params>
            <param index="0">
              <value>
                <![CDATA["user checks for invalid username and password"]]>
              </value>
            </param>
            <param index="1">
              <value>
                <![CDATA["Test ds_algo portal sign in page"]]>
              </value>
            </param>
          </params>
          <reporter-output>
          </reporter-output>
        </test-method> <!-- runScenario -->
        <test-method signature="runScenario(io.cucumber.testng.PickleWrapper,io.cucumber.testng.FeatureWrapper)[pri:0, instance:runner.test_runner@49b2a47d]" started-at="2023-03-22T16:48:00 CDT" name="runScenario" description="Runs Cucumber Scenarios" data-provider="scenarios" finished-at="2023-03-22T16:48:01 CDT" duration-ms="1066" status="PASS">
          <params>
            <param index="0">
              <value>
                <![CDATA["user checks for valid username and password"]]>
              </value>
            </param>
            <param index="1">
              <value>
                <![CDATA["Test ds_algo portal sign in page"]]>
              </value>
            </param>
          </params>
          <reporter-output>
          </reporter-output>
        </test-method> <!-- runScenario -->
        <test-method signature="runScenario(io.cucumber.testng.PickleWrapper,io.cucumber.testng.FeatureWrapper)[pri:0, instance:runner.test_runner@49b2a47d]" started-at="2023-03-22T16:48:01 CDT" name="runScenario" description="Runs Cucumber Scenarios" data-provider="scenarios" finished-at="2023-03-22T16:48:01 CDT" duration-ms="344" status="PASS">
          <params>
            <param index="0">
              <value>
                <![CDATA["The user is able to navigate to Graph page"]]>
              </value>
            </param>
            <param index="1">
              <value>
                <![CDATA["graph"]]>
              </value>
            </param>
          </params>
          <reporter-output>
          </reporter-output>
        </test-method> <!-- runScenario -->
        <test-method signature="runScenario(io.cucumber.testng.PickleWrapper,io.cucumber.testng.FeatureWrapper)[pri:0, instance:runner.test_runner@49b2a47d]" started-at="2023-03-22T16:48:01 CDT" name="runScenario" description="Runs Cucumber Scenarios" data-provider="scenarios" finished-at="2023-03-22T16:48:03 CDT" duration-ms="1934" status="PASS">
          <params>
            <param index="0">
              <value>
                <![CDATA["The user should be directed to editor page with run button to test python code"]]>
              </value>
            </param>
            <param index="1">
              <value>
                <![CDATA["graph"]]>
              </value>
            </param>
          </params>
          <reporter-output>
          </reporter-output>
        </test-method> <!-- runScenario -->
        <test-method signature="runScenario(io.cucumber.testng.PickleWrapper,io.cucumber.testng.FeatureWrapper)[pri:0, instance:runner.test_runner@49b2a47d]" started-at="2023-03-22T16:48:03 CDT" name="runScenario" description="Runs Cucumber Scenarios" data-provider="scenarios" finished-at="2023-03-22T16:48:13 CDT" duration-ms="10254" status="PASS">
          <params>
            <param index="0">
              <value>
                <![CDATA["The user is able to run code in Editor for Graph page"]]>
              </value>
            </param>
            <param index="1">
              <value>
                <![CDATA["graph"]]>
              </value>
            </param>
          </params>
          <reporter-output>
          </reporter-output>
        </test-method> <!-- runScenario -->
        <test-method signature="runScenario(io.cucumber.testng.PickleWrapper,io.cucumber.testng.FeatureWrapper)[pri:0, instance:runner.test_runner@49b2a47d]" started-at="2023-03-22T16:48:13 CDT" name="runScenario" description="Runs Cucumber Scenarios" data-provider="scenarios" finished-at="2023-03-22T16:48:22 CDT" duration-ms="9000" status="PASS">
          <params>
            <param index="0">
              <value>
                <![CDATA["The user is presented with error message for invalid code in Editor for Graph page"]]>
              </value>
            </param>
            <param index="1">
              <value>
                <![CDATA["graph"]]>
              </value>
            </param>
          </params>
          <reporter-output>
          </reporter-output>
        </test-method> <!-- runScenario -->
        <test-method signature="runScenario(io.cucumber.testng.PickleWrapper,io.cucumber.testng.FeatureWrapper)[pri:0, instance:runner.test_runner@49b2a47d]" started-at="2023-03-22T16:48:22 CDT" name="runScenario" description="Runs Cucumber Scenarios" data-provider="scenarios" finished-at="2023-03-22T16:48:23 CDT" duration-ms="497" status="PASS">
          <params>
            <param index="0">
              <value>
                <![CDATA["The user is able to navigate to graph page and click on Graph Representations link"]]>
              </value>
            </param>
            <param index="1">
              <value>
                <![CDATA["graph"]]>
              </value>
            </param>
          </params>
          <reporter-output>
          </reporter-output>
        </test-method> <!-- runScenario -->
        <test-method signature="runScenario(io.cucumber.testng.PickleWrapper,io.cucumber.testng.FeatureWrapper)[pri:0, instance:runner.test_runner@49b2a47d]" started-at="2023-03-22T16:48:23 CDT" name="runScenario" description="Runs Cucumber Scenarios" data-provider="scenarios" finished-at="2023-03-22T16:48:23 CDT" duration-ms="597" status="PASS">
          <params>
            <param index="0">
              <value>
                <![CDATA["The user should be directed to editor page with run button to test python code from Graph Representations page"]]>
              </value>
            </param>
            <param index="1">
              <value>
                <![CDATA["graph"]]>
              </value>
            </param>
          </params>
          <reporter-output>
          </reporter-output>
        </test-method> <!-- runScenario -->
        <test-method signature="runScenario(io.cucumber.testng.PickleWrapper,io.cucumber.testng.FeatureWrapper)[pri:0, instance:runner.test_runner@49b2a47d]" started-at="2023-03-22T16:48:23 CDT" name="runScenario" description="Runs Cucumber Scenarios" data-provider="scenarios" finished-at="2023-03-22T16:48:33 CDT" duration-ms="9511" status="PASS">
          <params>
            <param index="0">
              <value>
                <![CDATA["The user is able to run code in Editor for Graph Representations page"]]>
              </value>
            </param>
            <param index="1">
              <value>
                <![CDATA["graph"]]>
              </value>
            </param>
          </params>
          <reporter-output>
          </reporter-output>
        </test-method> <!-- runScenario -->
        <test-method signature="runScenario(io.cucumber.testng.PickleWrapper,io.cucumber.testng.FeatureWrapper)[pri:0, instance:runner.test_runner@49b2a47d]" started-at="2023-03-22T16:48:33 CDT" name="runScenario" description="Runs Cucumber Scenarios" data-provider="scenarios" finished-at="2023-03-22T16:48:42 CDT" duration-ms="9453" status="PASS">
          <params>
            <param index="0">
              <value>
                <![CDATA["The user is presented with error message for invalid code in Editor for Graph Representations page"]]>
              </value>
            </param>
            <param index="1">
              <value>
                <![CDATA["graph"]]>
              </value>
            </param>
          </params>
          <reporter-output>
          </reporter-output>
        </test-method> <!-- runScenario -->
        <test-method signature="runScenario(io.cucumber.testng.PickleWrapper,io.cucumber.testng.FeatureWrapper)[pri:0, instance:runner.test_runner@49b2a47d]" started-at="2023-03-22T16:48:42 CDT" name="runScenario" description="Runs Cucumber Scenarios" data-provider="scenarios" finished-at="2023-03-22T16:48:43 CDT" duration-ms="586" status="PASS">
          <params>
            <param index="0">
              <value>
                <![CDATA["The user is able to navigate to graph representations page and click on Practice Questions"]]>
              </value>
            </param>
            <param index="1">
              <value>
                <![CDATA["graph"]]>
              </value>
            </param>
          </params>
          <reporter-output>
          </reporter-output>
        </test-method> <!-- runScenario -->
        <test-method signature="runScenario(io.cucumber.testng.PickleWrapper,io.cucumber.testng.FeatureWrapper)[pri:0, instance:runner.test_runner@49b2a47d]" started-at="2023-03-22T16:48:43 CDT" name="runScenario" description="Runs Cucumber Scenarios" data-provider="scenarios" finished-at="2023-03-22T16:48:44 CDT" duration-ms="621" status="PASS">
          <params>
            <param index="0">
              <value>
                <![CDATA["Verifying signout link in home page"]]>
              </value>
            </param>
            <param index="1">
              <value>
                <![CDATA["graph"]]>
              </value>
            </param>
          </params>
          <reporter-output>
          </reporter-output>
        </test-method> <!-- runScenario -->
        <test-method is-config="true" signature="tearDownClass()[pri:0, instance:runner.test_runner@49b2a47d]" started-at="2023-03-22T16:48:44 CDT" name="tearDownClass" finished-at="2023-03-22T16:48:44 CDT" duration-ms="51" status="PASS">
          <reporter-output>
          </reporter-output>
        </test-method> <!-- tearDownClass -->
      </class> <!-- runner.test_runner -->
    </test> <!-- Default test -->
  </suite> <!-- Default suite -->
</testng-results>
