<?xml version="1.0" encoding="UTF-8"?>
<testng-results ignored="0" total="130" passed="130" failed="0" skipped="0">
  <reporter-output>
  </reporter-output>
  <suite started-at="2023-04-03T22:29:24 CDT" name="Default suite" finished-at="2023-04-03T22:35:46 CDT" duration-ms="382192">
    <groups>
      <group name="cucumber">
        <method signature="AbstractTestNGCucumberTests.runScenario(io.cucumber.testng.PickleWrapper,io.cucumber.testng.FeatureWrapper)[pri:0, instance:Runner.TestRunner@20b2475a]" name="runScenario" class="io.cucumber.testng.AbstractTestNGCucumberTests"/>
      </group> <!-- cucumber -->
    </groups>
    <test started-at="2023-04-03T22:29:24 CDT" name="Default test" finished-at="2023-04-03T22:35:46 CDT" duration-ms="382192">
      <class name="Runner.TestRunner">
        <test-method is-config="true" signature="setUpClass(org.testng.ITestContext)[pri:0, instance:Runner.TestRunner@20b2475a]" started-at="2023-04-03T22:29:24 CDT" name="setUpClass" finished-at="2023-04-03T22:29:25 CDT" duration-ms="743" status="PASS">
          <params>
            <param index="0">
              <value>
                <![CDATA[org.testng.TestRunner@52a7893a]]>
              </value>
            </param>
          </params>
          <reporter-output>
          </reporter-output>
        </test-method> <!-- setUpClass -->
        <test-method signature="runScenario(io.cucumber.testng.PickleWrapper,io.cucumber.testng.FeatureWrapper)[pri:0, instance:Runner.TestRunner@20b2475a]" started-at="2023-04-03T22:29:25 CDT" name="runScenario" description="Runs Cucumber Scenarios" data-provider="scenarios" finished-at="2023-04-03T22:29:29 CDT" duration-ms="4134" status="PASS">
          <params>
            <param index="0">
              <value>
                <![CDATA["user navigates to ds_algo portal home page"]]>
              </value>
            </param>
            <param index="1">
              <value>
                <![CDATA["Test DS Algo portal home page"]]>
              </value>
            </param>
          </params>
          <reporter-output>
          </reporter-output>
        </test-method> <!-- runScenario -->
        <test-method signature="runScenario(io.cucumber.testng.PickleWrapper,io.cucumber.testng.FeatureWrapper)[pri:0, instance:Runner.TestRunner@20b2475a]" started-at="2023-04-03T22:29:29 CDT" name="runScenario" description="Runs Cucumber Scenarios" data-provider="scenarios" finished-at="2023-04-03T22:29:29 CDT" duration-ms="536" status="PASS">
          <params>
            <param index="0">
              <value>
                <![CDATA["user checks login functionality"]]>
              </value>
            </param>
            <param index="1">
              <value>
                <![CDATA["Test DS Algo portal home page"]]>
              </value>
            </param>
          </params>
          <reporter-output>
          </reporter-output>
        </test-method> <!-- runScenario -->
        <test-method signature="runScenario(io.cucumber.testng.PickleWrapper,io.cucumber.testng.FeatureWrapper)[pri:0, instance:Runner.TestRunner@20b2475a]" started-at="2023-04-03T22:29:29 CDT" name="runScenario" description="Runs Cucumber Scenarios" data-provider="scenarios" finished-at="2023-04-03T22:29:30 CDT" duration-ms="382" status="PASS">
          <params>
            <param index="0">
              <value>
                <![CDATA["user checks drop down entries"]]>
              </value>
            </param>
            <param index="1">
              <value>
                <![CDATA["Test DS Algo portal home page"]]>
              </value>
            </param>
          </params>
          <reporter-output>
          </reporter-output>
        </test-method> <!-- runScenario -->
        <test-method signature="runScenario(io.cucumber.testng.PickleWrapper,io.cucumber.testng.FeatureWrapper)[pri:0, instance:Runner.TestRunner@20b2475a]" started-at="2023-04-03T22:29:30 CDT" name="runScenario" description="Runs Cucumber Scenarios" data-provider="scenarios" finished-at="2023-04-03T22:29:30 CDT" duration-ms="507" status="PASS">
          <params>
            <param index="0">
              <value>
                <![CDATA["user checks drop down functionality witout sign in"]]>
              </value>
            </param>
            <param index="1">
              <value>
                <![CDATA["Test DS Algo portal home page"]]>
              </value>
            </param>
          </params>
          <reporter-output>
          </reporter-output>
        </test-method> <!-- runScenario -->
        <test-method signature="runScenario(io.cucumber.testng.PickleWrapper,io.cucumber.testng.FeatureWrapper)[pri:0, instance:Runner.TestRunner@20b2475a]" started-at="2023-04-03T22:29:30 CDT" name="runScenario" description="Runs Cucumber Scenarios" data-provider="scenarios" finished-at="2023-04-03T22:29:31 CDT" duration-ms="529" status="PASS">
          <params>
            <param index="0">
              <value>
                <![CDATA["user checks drop down functionality witout sign in"]]>
              </value>
            </param>
            <param index="1">
              <value>
                <![CDATA["Test DS Algo portal home page"]]>
              </value>
            </param>
          </params>
          <reporter-output>
          </reporter-output>
        </test-method> <!-- runScenario -->
        <test-method signature="runScenario(io.cucumber.testng.PickleWrapper,io.cucumber.testng.FeatureWrapper)[pri:0, instance:Runner.TestRunner@20b2475a]" started-at="2023-04-03T22:29:31 CDT" name="runScenario" description="Runs Cucumber Scenarios" data-provider="scenarios" finished-at="2023-04-03T22:29:31 CDT" duration-ms="554" status="PASS">
          <params>
            <param index="0">
              <value>
                <![CDATA["user checks drop down functionality witout sign in"]]>
              </value>
            </param>
            <param index="1">
              <value>
                <![CDATA["Test DS Algo portal home page"]]>
              </value>
            </param>
          </params>
          <reporter-output>
          </reporter-output>
        </test-method> <!-- runScenario -->
        <test-method signature="runScenario(io.cucumber.testng.PickleWrapper,io.cucumber.testng.FeatureWrapper)[pri:0, instance:Runner.TestRunner@20b2475a]" started-at="2023-04-03T22:29:31 CDT" name="runScenario" description="Runs Cucumber Scenarios" data-provider="scenarios" finished-at="2023-04-03T22:29:32 CDT" duration-ms="495" status="PASS">
          <params>
            <param index="0">
              <value>
                <![CDATA["user checks drop down functionality witout sign in"]]>
              </value>
            </param>
            <param index="1">
              <value>
                <![CDATA["Test DS Algo portal home page"]]>
              </value>
            </param>
          </params>
          <reporter-output>
          </reporter-output>
        </test-method> <!-- runScenario -->
        <test-method signature="runScenario(io.cucumber.testng.PickleWrapper,io.cucumber.testng.FeatureWrapper)[pri:0, instance:Runner.TestRunner@20b2475a]" started-at="2023-04-03T22:29:32 CDT" name="runScenario" description="Runs Cucumber Scenarios" data-provider="scenarios" finished-at="2023-04-03T22:29:33 CDT" duration-ms="545" status="PASS">
          <params>
            <param index="0">
              <value>
                <![CDATA["user checks drop down functionality witout sign in"]]>
              </value>
            </param>
            <param index="1">
              <value>
                <![CDATA["Test DS Algo portal home page"]]>
              </value>
            </param>
          </params>
          <reporter-output>
          </reporter-output>
        </test-method> <!-- runScenario -->
        <test-method signature="runScenario(io.cucumber.testng.PickleWrapper,io.cucumber.testng.FeatureWrapper)[pri:0, instance:Runner.TestRunner@20b2475a]" started-at="2023-04-03T22:29:33 CDT" name="runScenario" description="Runs Cucumber Scenarios" data-provider="scenarios" finished-at="2023-04-03T22:29:33 CDT" duration-ms="506" status="PASS">
          <params>
            <param index="0">
              <value>
                <![CDATA["user checks drop down functionality witout sign in"]]>
              </value>
            </param>
            <param index="1">
              <value>
                <![CDATA["Test DS Algo portal home page"]]>
              </value>
            </param>
          </params>
          <reporter-output>
          </reporter-output>
        </test-method> <!-- runScenario -->
        <test-method signature="runScenario(io.cucumber.testng.PickleWrapper,io.cucumber.testng.FeatureWrapper)[pri:0, instance:Runner.TestRunner@20b2475a]" started-at="2023-04-03T22:29:33 CDT" name="runScenario" description="Runs Cucumber Scenarios" data-provider="scenarios" finished-at="2023-04-03T22:29:34 CDT" duration-ms="472" status="PASS">
          <params>
            <param index="0">
              <value>
                <![CDATA["user navigates to sign in page"]]>
              </value>
            </param>
            <param index="1">
              <value>
                <![CDATA["Test DS Algo portal home page"]]>
              </value>
            </param>
          </params>
          <reporter-output>
          </reporter-output>
        </test-method> <!-- runScenario -->
        <test-method signature="runScenario(io.cucumber.testng.PickleWrapper,io.cucumber.testng.FeatureWrapper)[pri:0, instance:Runner.TestRunner@20b2475a]" started-at="2023-04-03T22:29:34 CDT" name="runScenario" description="Runs Cucumber Scenarios" data-provider="scenarios" finished-at="2023-04-03T22:29:34 CDT" duration-ms="355" status="PASS">
          <params>
            <param index="0">
              <value>
                <![CDATA["user navigates to registration page"]]>
              </value>
            </param>
            <param index="1">
              <value>
                <![CDATA["Test DS Algo portal home page"]]>
              </value>
            </param>
          </params>
          <reporter-output>
          </reporter-output>
        </test-method> <!-- runScenario -->
        <test-method signature="runScenario(io.cucumber.testng.PickleWrapper,io.cucumber.testng.FeatureWrapper)[pri:0, instance:Runner.TestRunner@20b2475a]" started-at="2023-04-03T22:29:34 CDT" name="runScenario" description="Runs Cucumber Scenarios" data-provider="scenarios" finished-at="2023-04-03T22:29:34 CDT" duration-ms="441" status="PASS">
          <params>
            <param index="0">
              <value>
                <![CDATA["The user navigates to ds algo home page"]]>
              </value>
            </param>
            <param index="1">
              <value>
                <![CDATA["Test Automation DS Algo register page"]]>
              </value>
            </param>
          </params>
          <reporter-output>
          </reporter-output>
        </test-method> <!-- runScenario -->
        <test-method signature="runScenario(io.cucumber.testng.PickleWrapper,io.cucumber.testng.FeatureWrapper)[pri:0, instance:Runner.TestRunner@20b2475a]" started-at="2023-04-03T22:29:34 CDT" name="runScenario" description="Runs Cucumber Scenarios" data-provider="scenarios" finished-at="2023-04-03T22:29:38 CDT" duration-ms="3458" status="PASS">
          <params>
            <param index="0">
              <value>
                <![CDATA["User navigates to register page"]]>
              </value>
            </param>
            <param index="1">
              <value>
                <![CDATA["Test Automation DS Algo register page"]]>
              </value>
            </param>
          </params>
          <reporter-output>
          </reporter-output>
        </test-method> <!-- runScenario -->
        <test-method signature="runScenario(io.cucumber.testng.PickleWrapper,io.cucumber.testng.FeatureWrapper)[pri:0, instance:Runner.TestRunner@20b2475a]" started-at="2023-04-03T22:29:38 CDT" name="runScenario" description="Runs Cucumber Scenarios" data-provider="scenarios" finished-at="2023-04-03T22:29:43 CDT" duration-ms="5572" status="PASS">
          <params>
            <param index="0">
              <value>
                <![CDATA["User should get error message for all fields empty below username textbox"]]>
              </value>
            </param>
            <param index="1">
              <value>
                <![CDATA["Test Automation DS Algo register page"]]>
              </value>
            </param>
          </params>
          <reporter-output>
          </reporter-output>
        </test-method> <!-- runScenario -->
        <test-method signature="runScenario(io.cucumber.testng.PickleWrapper,io.cucumber.testng.FeatureWrapper)[pri:0, instance:Runner.TestRunner@20b2475a]" started-at="2023-04-03T22:29:43 CDT" name="runScenario" description="Runs Cucumber Scenarios" data-provider="scenarios" finished-at="2023-04-03T22:29:44 CDT" duration-ms="504" status="PASS">
          <params>
            <param index="0">
              <value>
                <![CDATA["User should get error message below password textbox"]]>
              </value>
            </param>
            <param index="1">
              <value>
                <![CDATA["Test Automation DS Algo register page"]]>
              </value>
            </param>
          </params>
          <reporter-output>
          </reporter-output>
        </test-method> <!-- runScenario -->
        <test-method signature="runScenario(io.cucumber.testng.PickleWrapper,io.cucumber.testng.FeatureWrapper)[pri:0, instance:Runner.TestRunner@20b2475a]" started-at="2023-04-03T22:29:44 CDT" name="runScenario" description="Runs Cucumber Scenarios" data-provider="scenarios" finished-at="2023-04-03T22:29:44 CDT" duration-ms="554" status="PASS">
          <params>
            <param index="0">
              <value>
                <![CDATA["User should get error message below confirm password textbox"]]>
              </value>
            </param>
            <param index="1">
              <value>
                <![CDATA["Test Automation DS Algo register page"]]>
              </value>
            </param>
          </params>
          <reporter-output>
          </reporter-output>
        </test-method> <!-- runScenario -->
        <test-method signature="runScenario(io.cucumber.testng.PickleWrapper,io.cucumber.testng.FeatureWrapper)[pri:0, instance:Runner.TestRunner@20b2475a]" started-at="2023-04-03T22:29:44 CDT" name="runScenario" description="Runs Cucumber Scenarios" data-provider="scenarios" finished-at="2023-04-03T22:29:45 CDT" duration-ms="884" status="PASS">
          <params>
            <param index="0">
              <value>
                <![CDATA["User registers with invalid username and password"]]>
              </value>
            </param>
            <param index="1">
              <value>
                <![CDATA["Test Automation DS Algo register page"]]>
              </value>
            </param>
          </params>
          <reporter-output>
          </reporter-output>
        </test-method> <!-- runScenario -->
        <test-method signature="runScenario(io.cucumber.testng.PickleWrapper,io.cucumber.testng.FeatureWrapper)[pri:0, instance:Runner.TestRunner@20b2475a]" started-at="2023-04-03T22:29:45 CDT" name="runScenario" description="Runs Cucumber Scenarios" data-provider="scenarios" finished-at="2023-04-03T22:29:46 CDT" duration-ms="894" status="PASS">
          <params>
            <param index="0">
              <value>
                <![CDATA["User registers successfully"]]>
              </value>
            </param>
            <param index="1">
              <value>
                <![CDATA["Test Automation DS Algo register page"]]>
              </value>
            </param>
          </params>
          <reporter-output>
          </reporter-output>
        </test-method> <!-- runScenario -->
        <test-method signature="runScenario(io.cucumber.testng.PickleWrapper,io.cucumber.testng.FeatureWrapper)[pri:0, instance:Runner.TestRunner@20b2475a]" started-at="2023-04-03T22:29:46 CDT" name="runScenario" description="Runs Cucumber Scenarios" data-provider="scenarios" finished-at="2023-04-03T22:29:47 CDT" duration-ms="1104" status="PASS">
          <params>
            <param index="0">
              <value>
                <![CDATA["user tests sign in functionality with empty username textbox"]]>
              </value>
            </param>
            <param index="1">
              <value>
                <![CDATA["Test ds_algo portal sign in page"]]>
              </value>
            </param>
          </params>
          <reporter-output>
          </reporter-output>
        </test-method> <!-- runScenario -->
        <test-method signature="runScenario(io.cucumber.testng.PickleWrapper,io.cucumber.testng.FeatureWrapper)[pri:0, instance:Runner.TestRunner@20b2475a]" started-at="2023-04-03T22:29:47 CDT" name="runScenario" description="Runs Cucumber Scenarios" data-provider="scenarios" finished-at="2023-04-03T22:29:48 CDT" duration-ms="1063" status="PASS">
          <params>
            <param index="0">
              <value>
                <![CDATA["user tests sign in functionality with empty password textbox"]]>
              </value>
            </param>
            <param index="1">
              <value>
                <![CDATA["Test ds_algo portal sign in page"]]>
              </value>
            </param>
          </params>
          <reporter-output>
          </reporter-output>
        </test-method> <!-- runScenario -->
        <test-method signature="runScenario(io.cucumber.testng.PickleWrapper,io.cucumber.testng.FeatureWrapper)[pri:0, instance:Runner.TestRunner@20b2475a]" started-at="2023-04-03T22:29:48 CDT" name="runScenario" description="Runs Cucumber Scenarios" data-provider="scenarios" finished-at="2023-04-03T22:29:49 CDT" duration-ms="621" status="PASS">
          <params>
            <param index="0">
              <value>
                <![CDATA["User tests registration link on sign in page"]]>
              </value>
            </param>
            <param index="1">
              <value>
                <![CDATA["Test ds_algo portal sign in page"]]>
              </value>
            </param>
          </params>
          <reporter-output>
          </reporter-output>
        </test-method> <!-- runScenario -->
        <test-method signature="runScenario(io.cucumber.testng.PickleWrapper,io.cucumber.testng.FeatureWrapper)[pri:0, instance:Runner.TestRunner@20b2475a]" started-at="2023-04-03T22:29:49 CDT" name="runScenario" description="Runs Cucumber Scenarios" data-provider="scenarios" finished-at="2023-04-03T22:29:50 CDT" duration-ms="809" status="PASS">
          <params>
            <param index="0">
              <value>
                <![CDATA["User tests sign in link on sign in page"]]>
              </value>
            </param>
            <param index="1">
              <value>
                <![CDATA["Test ds_algo portal sign in page"]]>
              </value>
            </param>
          </params>
          <reporter-output>
          </reporter-output>
        </test-method> <!-- runScenario -->
        <test-method signature="runScenario(io.cucumber.testng.PickleWrapper,io.cucumber.testng.FeatureWrapper)[pri:0, instance:Runner.TestRunner@20b2475a]" started-at="2023-04-03T22:29:50 CDT" name="runScenario" description="Runs Cucumber Scenarios" data-provider="scenarios" finished-at="2023-04-03T22:29:50 CDT" duration-ms="529" status="PASS">
          <params>
            <param index="0">
              <value>
                <![CDATA["User tests registration link on sign in page"]]>
              </value>
            </param>
            <param index="1">
              <value>
                <![CDATA["Test ds_algo portal sign in page"]]>
              </value>
            </param>
          </params>
          <reporter-output>
          </reporter-output>
        </test-method> <!-- runScenario -->
        <test-method signature="runScenario(io.cucumber.testng.PickleWrapper,io.cucumber.testng.FeatureWrapper)[pri:0, instance:Runner.TestRunner@20b2475a]" started-at="2023-04-03T22:29:50 CDT" name="runScenario" description="Runs Cucumber Scenarios" data-provider="scenarios" finished-at="2023-04-03T22:29:51 CDT" duration-ms="904" status="PASS">
          <params>
            <param index="0">
              <value>
                <![CDATA["User tests drop down list functionality on sign in page"]]>
              </value>
            </param>
            <param index="1">
              <value>
                <![CDATA["Test ds_algo portal sign in page"]]>
              </value>
            </param>
          </params>
          <reporter-output>
          </reporter-output>
        </test-method> <!-- runScenario -->
        <test-method signature="runScenario(io.cucumber.testng.PickleWrapper,io.cucumber.testng.FeatureWrapper)[pri:0, instance:Runner.TestRunner@20b2475a]" started-at="2023-04-03T22:29:51 CDT" name="runScenario" description="Runs Cucumber Scenarios" data-provider="scenarios" finished-at="2023-04-03T22:29:52 CDT" duration-ms="816" status="PASS">
          <params>
            <param index="0">
              <value>
                <![CDATA["User tests drop down list functionality on sign in page"]]>
              </value>
            </param>
            <param index="1">
              <value>
                <![CDATA["Test ds_algo portal sign in page"]]>
              </value>
            </param>
          </params>
          <reporter-output>
          </reporter-output>
        </test-method> <!-- runScenario -->
        <test-method signature="runScenario(io.cucumber.testng.PickleWrapper,io.cucumber.testng.FeatureWrapper)[pri:0, instance:Runner.TestRunner@20b2475a]" started-at="2023-04-03T22:29:52 CDT" name="runScenario" description="Runs Cucumber Scenarios" data-provider="scenarios" finished-at="2023-04-03T22:29:53 CDT" duration-ms="857" status="PASS">
          <params>
            <param index="0">
              <value>
                <![CDATA["User tests drop down list functionality on sign in page"]]>
              </value>
            </param>
            <param index="1">
              <value>
                <![CDATA["Test ds_algo portal sign in page"]]>
              </value>
            </param>
          </params>
          <reporter-output>
          </reporter-output>
        </test-method> <!-- runScenario -->
        <test-method signature="runScenario(io.cucumber.testng.PickleWrapper,io.cucumber.testng.FeatureWrapper)[pri:0, instance:Runner.TestRunner@20b2475a]" started-at="2023-04-03T22:29:53 CDT" name="runScenario" description="Runs Cucumber Scenarios" data-provider="scenarios" finished-at="2023-04-03T22:29:54 CDT" duration-ms="897" status="PASS">
          <params>
            <param index="0">
              <value>
                <![CDATA["User tests drop down list functionality on sign in page"]]>
              </value>
            </param>
            <param index="1">
              <value>
                <![CDATA["Test ds_algo portal sign in page"]]>
              </value>
            </param>
          </params>
          <reporter-output>
          </reporter-output>
        </test-method> <!-- runScenario -->
        <test-method signature="runScenario(io.cucumber.testng.PickleWrapper,io.cucumber.testng.FeatureWrapper)[pri:0, instance:Runner.TestRunner@20b2475a]" started-at="2023-04-03T22:29:54 CDT" name="runScenario" description="Runs Cucumber Scenarios" data-provider="scenarios" finished-at="2023-04-03T22:29:55 CDT" duration-ms="818" status="PASS">
          <params>
            <param index="0">
              <value>
                <![CDATA["User tests drop down list functionality on sign in page"]]>
              </value>
            </param>
            <param index="1">
              <value>
                <![CDATA["Test ds_algo portal sign in page"]]>
              </value>
            </param>
          </params>
          <reporter-output>
          </reporter-output>
        </test-method> <!-- runScenario -->
        <test-method signature="runScenario(io.cucumber.testng.PickleWrapper,io.cucumber.testng.FeatureWrapper)[pri:0, instance:Runner.TestRunner@20b2475a]" started-at="2023-04-03T22:29:55 CDT" name="runScenario" description="Runs Cucumber Scenarios" data-provider="scenarios" finished-at="2023-04-03T22:29:56 CDT" duration-ms="812" status="PASS">
          <params>
            <param index="0">
              <value>
                <![CDATA["User tests drop down list functionality on sign in page"]]>
              </value>
            </param>
            <param index="1">
              <value>
                <![CDATA["Test ds_algo portal sign in page"]]>
              </value>
            </param>
          </params>
          <reporter-output>
          </reporter-output>
        </test-method> <!-- runScenario -->
        <test-method signature="runScenario(io.cucumber.testng.PickleWrapper,io.cucumber.testng.FeatureWrapper)[pri:0, instance:Runner.TestRunner@20b2475a]" started-at="2023-04-03T22:29:56 CDT" name="runScenario" description="Runs Cucumber Scenarios" data-provider="scenarios" finished-at="2023-04-03T22:29:56 CDT" duration-ms="699" status="PASS">
          <params>
            <param index="0">
              <value>
                <![CDATA["user checks for invalid username and password"]]>
              </value>
            </param>
            <param index="1">
              <value>
                <![CDATA["Test ds_algo portal sign in page"]]>
              </value>
            </param>
          </params>
          <reporter-output>
          </reporter-output>
        </test-method> <!-- runScenario -->
        <test-method signature="runScenario(io.cucumber.testng.PickleWrapper,io.cucumber.testng.FeatureWrapper)[pri:0, instance:Runner.TestRunner@20b2475a]" started-at="2023-04-03T22:29:56 CDT" name="runScenario" description="Runs Cucumber Scenarios" data-provider="scenarios" finished-at="2023-04-03T22:29:57 CDT" duration-ms="616" status="PASS">
          <params>
            <param index="0">
              <value>
                <![CDATA["user checks for invalid username and password"]]>
              </value>
            </param>
            <param index="1">
              <value>
                <![CDATA["Test ds_algo portal sign in page"]]>
              </value>
            </param>
          </params>
          <reporter-output>
          </reporter-output>
        </test-method> <!-- runScenario -->
        <test-method signature="runScenario(io.cucumber.testng.PickleWrapper,io.cucumber.testng.FeatureWrapper)[pri:0, instance:Runner.TestRunner@20b2475a]" started-at="2023-04-03T22:29:57 CDT" name="runScenario" description="Runs Cucumber Scenarios" data-provider="scenarios" finished-at="2023-04-03T22:29:57 CDT" duration-ms="627" status="PASS">
          <params>
            <param index="0">
              <value>
                <![CDATA["user checks for invalid username and password"]]>
              </value>
            </param>
            <param index="1">
              <value>
                <![CDATA["Test ds_algo portal sign in page"]]>
              </value>
            </param>
          </params>
          <reporter-output>
          </reporter-output>
        </test-method> <!-- runScenario -->
        <test-method signature="runScenario(io.cucumber.testng.PickleWrapper,io.cucumber.testng.FeatureWrapper)[pri:0, instance:Runner.TestRunner@20b2475a]" started-at="2023-04-03T22:29:57 CDT" name="runScenario" description="Runs Cucumber Scenarios" data-provider="scenarios" finished-at="2023-04-03T22:29:58 CDT" duration-ms="656" status="PASS">
          <params>
            <param index="0">
              <value>
                <![CDATA["user checks for invalid username and password"]]>
              </value>
            </param>
            <param index="1">
              <value>
                <![CDATA["Test ds_algo portal sign in page"]]>
              </value>
            </param>
          </params>
          <reporter-output>
          </reporter-output>
        </test-method> <!-- runScenario -->
        <test-method signature="runScenario(io.cucumber.testng.PickleWrapper,io.cucumber.testng.FeatureWrapper)[pri:0, instance:Runner.TestRunner@20b2475a]" started-at="2023-04-03T22:29:58 CDT" name="runScenario" description="Runs Cucumber Scenarios" data-provider="scenarios" finished-at="2023-04-03T22:29:59 CDT" duration-ms="1160" status="PASS">
          <params>
            <param index="0">
              <value>
                <![CDATA["user checks for valid username and password"]]>
              </value>
            </param>
            <param index="1">
              <value>
                <![CDATA["Test ds_algo portal sign in page"]]>
              </value>
            </param>
          </params>
          <reporter-output>
          </reporter-output>
        </test-method> <!-- runScenario -->
        <test-method signature="runScenario(io.cucumber.testng.PickleWrapper,io.cucumber.testng.FeatureWrapper)[pri:0, instance:Runner.TestRunner@20b2475a]" started-at="2023-04-03T22:29:59 CDT" name="runScenario" description="Runs Cucumber Scenarios" data-provider="scenarios" finished-at="2023-04-03T22:30:01 CDT" duration-ms="1468" status="PASS">
          <params>
            <param index="0">
              <value>
                <![CDATA["user checks drop down functionality after loggin in"]]>
              </value>
            </param>
            <param index="1">
              <value>
                <![CDATA["Home page after loggin in"]]>
              </value>
            </param>
          </params>
          <reporter-output>
          </reporter-output>
        </test-method> <!-- runScenario -->
        <test-method signature="runScenario(io.cucumber.testng.PickleWrapper,io.cucumber.testng.FeatureWrapper)[pri:0, instance:Runner.TestRunner@20b2475a]" started-at="2023-04-03T22:30:01 CDT" name="runScenario" description="Runs Cucumber Scenarios" data-provider="scenarios" finished-at="2023-04-03T22:30:02 CDT" duration-ms="1530" status="PASS">
          <params>
            <param index="0">
              <value>
                <![CDATA["user checks drop down functionality after loggin in"]]>
              </value>
            </param>
            <param index="1">
              <value>
                <![CDATA["Home page after loggin in"]]>
              </value>
            </param>
          </params>
          <reporter-output>
          </reporter-output>
        </test-method> <!-- runScenario -->
        <test-method signature="runScenario(io.cucumber.testng.PickleWrapper,io.cucumber.testng.FeatureWrapper)[pri:0, instance:Runner.TestRunner@20b2475a]" started-at="2023-04-03T22:30:02 CDT" name="runScenario" description="Runs Cucumber Scenarios" data-provider="scenarios" finished-at="2023-04-03T22:30:04 CDT" duration-ms="1424" status="PASS">
          <params>
            <param index="0">
              <value>
                <![CDATA["user checks drop down functionality after loggin in"]]>
              </value>
            </param>
            <param index="1">
              <value>
                <![CDATA["Home page after loggin in"]]>
              </value>
            </param>
          </params>
          <reporter-output>
          </reporter-output>
        </test-method> <!-- runScenario -->
        <test-method signature="runScenario(io.cucumber.testng.PickleWrapper,io.cucumber.testng.FeatureWrapper)[pri:0, instance:Runner.TestRunner@20b2475a]" started-at="2023-04-03T22:30:04 CDT" name="runScenario" description="Runs Cucumber Scenarios" data-provider="scenarios" finished-at="2023-04-03T22:30:05 CDT" duration-ms="1447" status="PASS">
          <params>
            <param index="0">
              <value>
                <![CDATA["user checks drop down functionality after loggin in"]]>
              </value>
            </param>
            <param index="1">
              <value>
                <![CDATA["Home page after loggin in"]]>
              </value>
            </param>
          </params>
          <reporter-output>
          </reporter-output>
        </test-method> <!-- runScenario -->
        <test-method signature="runScenario(io.cucumber.testng.PickleWrapper,io.cucumber.testng.FeatureWrapper)[pri:0, instance:Runner.TestRunner@20b2475a]" started-at="2023-04-03T22:30:05 CDT" name="runScenario" description="Runs Cucumber Scenarios" data-provider="scenarios" finished-at="2023-04-03T22:30:07 CDT" duration-ms="1523" status="PASS">
          <params>
            <param index="0">
              <value>
                <![CDATA["user checks drop down functionality after loggin in"]]>
              </value>
            </param>
            <param index="1">
              <value>
                <![CDATA["Home page after loggin in"]]>
              </value>
            </param>
          </params>
          <reporter-output>
          </reporter-output>
        </test-method> <!-- runScenario -->
        <test-method signature="runScenario(io.cucumber.testng.PickleWrapper,io.cucumber.testng.FeatureWrapper)[pri:0, instance:Runner.TestRunner@20b2475a]" started-at="2023-04-03T22:30:07 CDT" name="runScenario" description="Runs Cucumber Scenarios" data-provider="scenarios" finished-at="2023-04-03T22:30:08 CDT" duration-ms="1454" status="PASS">
          <params>
            <param index="0">
              <value>
                <![CDATA["user checks drop down functionality after loggin in"]]>
              </value>
            </param>
            <param index="1">
              <value>
                <![CDATA["Home page after loggin in"]]>
              </value>
            </param>
          </params>
          <reporter-output>
          </reporter-output>
        </test-method> <!-- runScenario -->
        <test-method signature="runScenario(io.cucumber.testng.PickleWrapper,io.cucumber.testng.FeatureWrapper)[pri:0, instance:Runner.TestRunner@20b2475a]" started-at="2023-04-03T22:30:08 CDT" name="runScenario" description="Runs Cucumber Scenarios" data-provider="scenarios" finished-at="2023-04-03T22:30:10 CDT" duration-ms="1537" status="PASS">
          <params>
            <param index="0">
              <value>
                <![CDATA["User tests Get Started button after loggin in"]]>
              </value>
            </param>
            <param index="1">
              <value>
                <![CDATA["Home page after loggin in"]]>
              </value>
            </param>
          </params>
          <reporter-output>
          </reporter-output>
        </test-method> <!-- runScenario -->
        <test-method signature="runScenario(io.cucumber.testng.PickleWrapper,io.cucumber.testng.FeatureWrapper)[pri:0, instance:Runner.TestRunner@20b2475a]" started-at="2023-04-03T22:30:10 CDT" name="runScenario" description="Runs Cucumber Scenarios" data-provider="scenarios" finished-at="2023-04-03T22:30:11 CDT" duration-ms="1418" status="PASS">
          <params>
            <param index="0">
              <value>
                <![CDATA["User tests Get Started button after loggin in"]]>
              </value>
            </param>
            <param index="1">
              <value>
                <![CDATA["Home page after loggin in"]]>
              </value>
            </param>
          </params>
          <reporter-output>
          </reporter-output>
        </test-method> <!-- runScenario -->
        <test-method signature="runScenario(io.cucumber.testng.PickleWrapper,io.cucumber.testng.FeatureWrapper)[pri:0, instance:Runner.TestRunner@20b2475a]" started-at="2023-04-03T22:30:11 CDT" name="runScenario" description="Runs Cucumber Scenarios" data-provider="scenarios" finished-at="2023-04-03T22:30:13 CDT" duration-ms="1474" status="PASS">
          <params>
            <param index="0">
              <value>
                <![CDATA["User tests Get Started button after loggin in"]]>
              </value>
            </param>
            <param index="1">
              <value>
                <![CDATA["Home page after loggin in"]]>
              </value>
            </param>
          </params>
          <reporter-output>
          </reporter-output>
        </test-method> <!-- runScenario -->
        <test-method signature="runScenario(io.cucumber.testng.PickleWrapper,io.cucumber.testng.FeatureWrapper)[pri:0, instance:Runner.TestRunner@20b2475a]" started-at="2023-04-03T22:30:13 CDT" name="runScenario" description="Runs Cucumber Scenarios" data-provider="scenarios" finished-at="2023-04-03T22:30:14 CDT" duration-ms="1422" status="PASS">
          <params>
            <param index="0">
              <value>
                <![CDATA["User tests Get Started button after loggin in"]]>
              </value>
            </param>
            <param index="1">
              <value>
                <![CDATA["Home page after loggin in"]]>
              </value>
            </param>
          </params>
          <reporter-output>
          </reporter-output>
        </test-method> <!-- runScenario -->
        <test-method signature="runScenario(io.cucumber.testng.PickleWrapper,io.cucumber.testng.FeatureWrapper)[pri:0, instance:Runner.TestRunner@20b2475a]" started-at="2023-04-03T22:30:14 CDT" name="runScenario" description="Runs Cucumber Scenarios" data-provider="scenarios" finished-at="2023-04-03T22:30:15 CDT" duration-ms="1413" status="PASS">
          <params>
            <param index="0">
              <value>
                <![CDATA["User tests Get Started button after loggin in"]]>
              </value>
            </param>
            <param index="1">
              <value>
                <![CDATA["Home page after loggin in"]]>
              </value>
            </param>
          </params>
          <reporter-output>
          </reporter-output>
        </test-method> <!-- runScenario -->
        <test-method signature="runScenario(io.cucumber.testng.PickleWrapper,io.cucumber.testng.FeatureWrapper)[pri:0, instance:Runner.TestRunner@20b2475a]" started-at="2023-04-03T22:30:15 CDT" name="runScenario" description="Runs Cucumber Scenarios" data-provider="scenarios" finished-at="2023-04-03T22:30:17 CDT" duration-ms="1403" status="PASS">
          <params>
            <param index="0">
              <value>
                <![CDATA["User tests Get Started button after loggin in"]]>
              </value>
            </param>
            <param index="1">
              <value>
                <![CDATA["Home page after loggin in"]]>
              </value>
            </param>
          </params>
          <reporter-output>
          </reporter-output>
        </test-method> <!-- runScenario -->
        <test-method signature="runScenario(io.cucumber.testng.PickleWrapper,io.cucumber.testng.FeatureWrapper)[pri:0, instance:Runner.TestRunner@20b2475a]" started-at="2023-04-03T22:30:17 CDT" name="runScenario" description="Runs Cucumber Scenarios" data-provider="scenarios" finished-at="2023-04-03T22:30:18 CDT" duration-ms="1429" status="PASS">
          <params>
            <param index="0">
              <value>
                <![CDATA["User tests Get Started button after loggin in"]]>
              </value>
            </param>
            <param index="1">
              <value>
                <![CDATA["Home page after loggin in"]]>
              </value>
            </param>
          </params>
          <reporter-output>
          </reporter-output>
        </test-method> <!-- runScenario -->
        <test-method signature="runScenario(io.cucumber.testng.PickleWrapper,io.cucumber.testng.FeatureWrapper)[pri:0, instance:Runner.TestRunner@20b2475a]" started-at="2023-04-03T22:30:18 CDT" name="runScenario" description="Runs Cucumber Scenarios" data-provider="scenarios" finished-at="2023-04-03T22:30:19 CDT" duration-ms="422" status="PASS">
          <params>
            <param index="0">
              <value>
                <![CDATA["The user is able to navigate to time complexity page"]]>
              </value>
            </param>
            <param index="1">
              <value>
                <![CDATA["graph"]]>
              </value>
            </param>
          </params>
          <reporter-output>
          </reporter-output>
        </test-method> <!-- runScenario -->
        <test-method signature="runScenario(io.cucumber.testng.PickleWrapper,io.cucumber.testng.FeatureWrapper)[pri:0, instance:Runner.TestRunner@20b2475a]" started-at="2023-04-03T22:30:19 CDT" name="runScenario" description="Runs Cucumber Scenarios" data-provider="scenarios" finished-at="2023-04-03T22:30:20 CDT" duration-ms="1082" status="PASS">
          <params>
            <param index="0">
              <value>
                <![CDATA["The user should be directed to editor page with run button to test python code"]]>
              </value>
            </param>
            <param index="1">
              <value>
                <![CDATA["graph"]]>
              </value>
            </param>
          </params>
          <reporter-output>
          </reporter-output>
        </test-method> <!-- runScenario -->
        <test-method signature="runScenario(io.cucumber.testng.PickleWrapper,io.cucumber.testng.FeatureWrapper)[pri:0, instance:Runner.TestRunner@20b2475a]" started-at="2023-04-03T22:30:20 CDT" name="runScenario" description="Runs Cucumber Scenarios" data-provider="scenarios" finished-at="2023-04-03T22:30:31 CDT" duration-ms="11011" status="PASS">
          <params>
            <param index="0">
              <value>
                <![CDATA["The user is able to run code in Editor for time complexity page"]]>
              </value>
            </param>
            <param index="1">
              <value>
                <![CDATA["graph"]]>
              </value>
            </param>
          </params>
          <reporter-output>
          </reporter-output>
        </test-method> <!-- runScenario -->
        <test-method signature="runScenario(io.cucumber.testng.PickleWrapper,io.cucumber.testng.FeatureWrapper)[pri:0, instance:Runner.TestRunner@20b2475a]" started-at="2023-04-03T22:30:31 CDT" name="runScenario" description="Runs Cucumber Scenarios" data-provider="scenarios" finished-at="2023-04-03T22:30:37 CDT" duration-ms="6190" status="PASS">
          <params>
            <param index="0">
              <value>
                <![CDATA["The user is presented with error message for invalid code in Editor for time complexity page"]]>
              </value>
            </param>
            <param index="1">
              <value>
                <![CDATA["graph"]]>
              </value>
            </param>
          </params>
          <reporter-output>
          </reporter-output>
        </test-method> <!-- runScenario -->
        <test-method signature="runScenario(io.cucumber.testng.PickleWrapper,io.cucumber.testng.FeatureWrapper)[pri:0, instance:Runner.TestRunner@20b2475a]" started-at="2023-04-03T22:30:37 CDT" name="runScenario" description="Runs Cucumber Scenarios" data-provider="scenarios" finished-at="2023-04-03T22:30:38 CDT" duration-ms="675" status="PASS">
          <params>
            <param index="0">
              <value>
                <![CDATA["The user is able to navigate to practice questions page"]]>
              </value>
            </param>
            <param index="1">
              <value>
                <![CDATA["graph"]]>
              </value>
            </param>
          </params>
          <reporter-output>
          </reporter-output>
        </test-method> <!-- runScenario -->
        <test-method signature="runScenario(io.cucumber.testng.PickleWrapper,io.cucumber.testng.FeatureWrapper)[pri:0, instance:Runner.TestRunner@20b2475a]" started-at="2023-04-03T22:30:38 CDT" name="runScenario" description="Runs Cucumber Scenarios" data-provider="scenarios" finished-at="2023-04-03T22:30:39 CDT" duration-ms="957" status="PASS">
          <params>
            <param index="0">
              <value>
                <![CDATA["User is able to navigate to Arrays in Python Page"]]>
              </value>
            </param>
            <param index="1">
              <value>
                <![CDATA["Test Arrays page in ds_algo portal"]]>
              </value>
            </param>
          </params>
          <reporter-output>
          </reporter-output>
        </test-method> <!-- runScenario -->
        <test-method signature="runScenario(io.cucumber.testng.PickleWrapper,io.cucumber.testng.FeatureWrapper)[pri:0, instance:Runner.TestRunner@20b2475a]" started-at="2023-04-03T22:30:39 CDT" name="runScenario" description="Runs Cucumber Scenarios" data-provider="scenarios" finished-at="2023-04-03T22:30:40 CDT" duration-ms="1767" status="PASS">
          <params>
            <param index="0">
              <value>
                <![CDATA["The user is able to Run valid code in editor page from Arrays in Python page"]]>
              </value>
            </param>
            <param index="1">
              <value>
                <![CDATA["Test Arrays page in ds_algo portal"]]>
              </value>
            </param>
          </params>
          <reporter-output>
          </reporter-output>
        </test-method> <!-- runScenario -->
        <test-method signature="runScenario(io.cucumber.testng.PickleWrapper,io.cucumber.testng.FeatureWrapper)[pri:0, instance:Runner.TestRunner@20b2475a]" started-at="2023-04-03T22:30:40 CDT" name="runScenario" description="Runs Cucumber Scenarios" data-provider="scenarios" finished-at="2023-04-03T22:30:45 CDT" duration-ms="5075" status="PASS">
          <params>
            <param index="0">
              <value>
                <![CDATA["The user is able to Run invalid code in editor page from Arrays in Python page"]]>
              </value>
            </param>
            <param index="1">
              <value>
                <![CDATA["Test Arrays page in ds_algo portal"]]>
              </value>
            </param>
          </params>
          <reporter-output>
          </reporter-output>
        </test-method> <!-- runScenario -->
        <test-method signature="runScenario(io.cucumber.testng.PickleWrapper,io.cucumber.testng.FeatureWrapper)[pri:0, instance:Runner.TestRunner@20b2475a]" started-at="2023-04-03T22:30:46 CDT" name="runScenario" description="Runs Cucumber Scenarios" data-provider="scenarios" finished-at="2023-04-03T22:30:46 CDT" duration-ms="557" status="PASS">
          <params>
            <param index="0">
              <value>
                <![CDATA["User is able to navigate to Practice Questins Page from Arrays in Python"]]>
              </value>
            </param>
            <param index="1">
              <value>
                <![CDATA["Test Arrays page in ds_algo portal"]]>
              </value>
            </param>
          </params>
          <reporter-output>
          </reporter-output>
        </test-method> <!-- runScenario -->
        <test-method signature="runScenario(io.cucumber.testng.PickleWrapper,io.cucumber.testng.FeatureWrapper)[pri:0, instance:Runner.TestRunner@20b2475a]" started-at="2023-04-03T22:30:46 CDT" name="runScenario" description="Runs Cucumber Scenarios" data-provider="scenarios" finished-at="2023-04-03T22:30:47 CDT" duration-ms="707" status="PASS">
          <params>
            <param index="0">
              <value>
                <![CDATA["User is able to navigate to Arrays Using List Page"]]>
              </value>
            </param>
            <param index="1">
              <value>
                <![CDATA["Test Arrays page in ds_algo portal"]]>
              </value>
            </param>
          </params>
          <reporter-output>
          </reporter-output>
        </test-method> <!-- runScenario -->
        <test-method signature="runScenario(io.cucumber.testng.PickleWrapper,io.cucumber.testng.FeatureWrapper)[pri:0, instance:Runner.TestRunner@20b2475a]" started-at="2023-04-03T22:30:47 CDT" name="runScenario" description="Runs Cucumber Scenarios" data-provider="scenarios" finished-at="2023-04-03T22:30:49 CDT" duration-ms="2059" status="PASS">
          <params>
            <param index="0">
              <value>
                <![CDATA["The user is able to Run valid code in editor page from Arrays Using List page"]]>
              </value>
            </param>
            <param index="1">
              <value>
                <![CDATA["Test Arrays page in ds_algo portal"]]>
              </value>
            </param>
          </params>
          <reporter-output>
          </reporter-output>
        </test-method> <!-- runScenario -->
        <test-method signature="runScenario(io.cucumber.testng.PickleWrapper,io.cucumber.testng.FeatureWrapper)[pri:0, instance:Runner.TestRunner@20b2475a]" started-at="2023-04-03T22:30:49 CDT" name="runScenario" description="Runs Cucumber Scenarios" data-provider="scenarios" finished-at="2023-04-03T22:30:54 CDT" duration-ms="5172" status="PASS">
          <params>
            <param index="0">
              <value>
                <![CDATA["The user is able to Run invalid code in editor page from Arrays Using List page"]]>
              </value>
            </param>
            <param index="1">
              <value>
                <![CDATA["Test Arrays page in ds_algo portal"]]>
              </value>
            </param>
          </params>
          <reporter-output>
          </reporter-output>
        </test-method> <!-- runScenario -->
        <test-method signature="runScenario(io.cucumber.testng.PickleWrapper,io.cucumber.testng.FeatureWrapper)[pri:0, instance:Runner.TestRunner@20b2475a]" started-at="2023-04-03T22:30:54 CDT" name="runScenario" description="Runs Cucumber Scenarios" data-provider="scenarios" finished-at="2023-04-03T22:30:55 CDT" duration-ms="599" status="PASS">
          <params>
            <param index="0">
              <value>
                <![CDATA["User is able to navigate to Practice Questins Page from Arrays Using List"]]>
              </value>
            </param>
            <param index="1">
              <value>
                <![CDATA["Test Arrays page in ds_algo portal"]]>
              </value>
            </param>
          </params>
          <reporter-output>
          </reporter-output>
        </test-method> <!-- runScenario -->
        <test-method signature="runScenario(io.cucumber.testng.PickleWrapper,io.cucumber.testng.FeatureWrapper)[pri:0, instance:Runner.TestRunner@20b2475a]" started-at="2023-04-03T22:30:55 CDT" name="runScenario" description="Runs Cucumber Scenarios" data-provider="scenarios" finished-at="2023-04-03T22:30:55 CDT" duration-ms="719" status="PASS">
          <params>
            <param index="0">
              <value>
                <![CDATA["User is able to navigate to Basic Operations in List Page"]]>
              </value>
            </param>
            <param index="1">
              <value>
                <![CDATA["Test Arrays page in ds_algo portal"]]>
              </value>
            </param>
          </params>
          <reporter-output>
          </reporter-output>
        </test-method> <!-- runScenario -->
        <test-method signature="runScenario(io.cucumber.testng.PickleWrapper,io.cucumber.testng.FeatureWrapper)[pri:0, instance:Runner.TestRunner@20b2475a]" started-at="2023-04-03T22:30:55 CDT" name="runScenario" description="Runs Cucumber Scenarios" data-provider="scenarios" finished-at="2023-04-03T22:30:57 CDT" duration-ms="1902" status="PASS">
          <params>
            <param index="0">
              <value>
                <![CDATA["The user is able to Run valid code in editor page from Basic Operations in List page"]]>
              </value>
            </param>
            <param index="1">
              <value>
                <![CDATA["Test Arrays page in ds_algo portal"]]>
              </value>
            </param>
          </params>
          <reporter-output>
          </reporter-output>
        </test-method> <!-- runScenario -->
        <test-method signature="runScenario(io.cucumber.testng.PickleWrapper,io.cucumber.testng.FeatureWrapper)[pri:0, instance:Runner.TestRunner@20b2475a]" started-at="2023-04-03T22:30:57 CDT" name="runScenario" description="Runs Cucumber Scenarios" data-provider="scenarios" finished-at="2023-04-03T22:31:02 CDT" duration-ms="4992" status="PASS">
          <params>
            <param index="0">
              <value>
                <![CDATA["The user is able to Run invalid code in editor page from Basic Operations in List page"]]>
              </value>
            </param>
            <param index="1">
              <value>
                <![CDATA["Test Arrays page in ds_algo portal"]]>
              </value>
            </param>
          </params>
          <reporter-output>
          </reporter-output>
        </test-method> <!-- runScenario -->
        <test-method signature="runScenario(io.cucumber.testng.PickleWrapper,io.cucumber.testng.FeatureWrapper)[pri:0, instance:Runner.TestRunner@20b2475a]" started-at="2023-04-03T22:31:02 CDT" name="runScenario" description="Runs Cucumber Scenarios" data-provider="scenarios" finished-at="2023-04-03T22:31:03 CDT" duration-ms="581" status="PASS">
          <params>
            <param index="0">
              <value>
                <![CDATA["User is able to navigate to Practice Questins Page from Basic Operations In List Page"]]>
              </value>
            </param>
            <param index="1">
              <value>
                <![CDATA["Test Arrays page in ds_algo portal"]]>
              </value>
            </param>
          </params>
          <reporter-output>
          </reporter-output>
        </test-method> <!-- runScenario -->
        <test-method signature="runScenario(io.cucumber.testng.PickleWrapper,io.cucumber.testng.FeatureWrapper)[pri:0, instance:Runner.TestRunner@20b2475a]" started-at="2023-04-03T22:31:03 CDT" name="runScenario" description="Runs Cucumber Scenarios" data-provider="scenarios" finished-at="2023-04-03T22:31:04 CDT" duration-ms="817" status="PASS">
          <params>
            <param index="0">
              <value>
                <![CDATA["User is able to navigate to Applications of Array Page"]]>
              </value>
            </param>
            <param index="1">
              <value>
                <![CDATA["Test Arrays page in ds_algo portal"]]>
              </value>
            </param>
          </params>
          <reporter-output>
          </reporter-output>
        </test-method> <!-- runScenario -->
        <test-method signature="runScenario(io.cucumber.testng.PickleWrapper,io.cucumber.testng.FeatureWrapper)[pri:0, instance:Runner.TestRunner@20b2475a]" started-at="2023-04-03T22:31:04 CDT" name="runScenario" description="Runs Cucumber Scenarios" data-provider="scenarios" finished-at="2023-04-03T22:31:05 CDT" duration-ms="1699" status="PASS">
          <params>
            <param index="0">
              <value>
                <![CDATA["The user is able to Run valid code in editor page from Applications of Array page"]]>
              </value>
            </param>
            <param index="1">
              <value>
                <![CDATA["Test Arrays page in ds_algo portal"]]>
              </value>
            </param>
          </params>
          <reporter-output>
          </reporter-output>
        </test-method> <!-- runScenario -->
        <test-method signature="runScenario(io.cucumber.testng.PickleWrapper,io.cucumber.testng.FeatureWrapper)[pri:0, instance:Runner.TestRunner@20b2475a]" started-at="2023-04-03T22:31:05 CDT" name="runScenario" description="Runs Cucumber Scenarios" data-provider="scenarios" finished-at="2023-04-03T22:31:11 CDT" duration-ms="5409" status="PASS">
          <params>
            <param index="0">
              <value>
                <![CDATA["The user is able to Run invalid code in editor page from Applications of Array page"]]>
              </value>
            </param>
            <param index="1">
              <value>
                <![CDATA["Test Arrays page in ds_algo portal"]]>
              </value>
            </param>
          </params>
          <reporter-output>
          </reporter-output>
        </test-method> <!-- runScenario -->
        <test-method signature="runScenario(io.cucumber.testng.PickleWrapper,io.cucumber.testng.FeatureWrapper)[pri:0, instance:Runner.TestRunner@20b2475a]" started-at="2023-04-03T22:31:11 CDT" name="runScenario" description="Runs Cucumber Scenarios" data-provider="scenarios" finished-at="2023-04-03T22:31:11 CDT" duration-ms="587" status="PASS">
          <params>
            <param index="0">
              <value>
                <![CDATA["User is able to navigate to Practice Questins Page from Applications of Array Page"]]>
              </value>
            </param>
            <param index="1">
              <value>
                <![CDATA["Test Arrays page in ds_algo portal"]]>
              </value>
            </param>
          </params>
          <reporter-output>
          </reporter-output>
        </test-method> <!-- runScenario -->
        <test-method signature="runScenario(io.cucumber.testng.PickleWrapper,io.cucumber.testng.FeatureWrapper)[pri:0, instance:Runner.TestRunner@20b2475a]" started-at="2023-04-03T22:31:11 CDT" name="runScenario" description="Runs Cucumber Scenarios" data-provider="scenarios" finished-at="2023-04-03T22:31:18 CDT" duration-ms="6496" status="PASS">
          <params>
            <param index="0">
              <value>
                <![CDATA["Test Practice questions Search the Array page and run code"]]>
              </value>
            </param>
            <param index="1">
              <value>
                <![CDATA["Test Arrays page in ds_algo portal"]]>
              </value>
            </param>
          </params>
          <reporter-output>
          </reporter-output>
        </test-method> <!-- runScenario -->
        <test-method signature="runScenario(io.cucumber.testng.PickleWrapper,io.cucumber.testng.FeatureWrapper)[pri:0, instance:Runner.TestRunner@20b2475a]" started-at="2023-04-03T22:31:18 CDT" name="runScenario" description="Runs Cucumber Scenarios" data-provider="scenarios" finished-at="2023-04-03T22:31:24 CDT" duration-ms="5960" status="PASS">
          <params>
            <param index="0">
              <value>
                <![CDATA["Test Practice questions Max Consecutive Ones page and run code"]]>
              </value>
            </param>
            <param index="1">
              <value>
                <![CDATA["Test Arrays page in ds_algo portal"]]>
              </value>
            </param>
          </params>
          <reporter-output>
          </reporter-output>
        </test-method> <!-- runScenario -->
        <test-method signature="runScenario(io.cucumber.testng.PickleWrapper,io.cucumber.testng.FeatureWrapper)[pri:0, instance:Runner.TestRunner@20b2475a]" started-at="2023-04-03T22:31:24 CDT" name="runScenario" description="Runs Cucumber Scenarios" data-provider="scenarios" finished-at="2023-04-03T22:31:30 CDT" duration-ms="5735" status="PASS">
          <params>
            <param index="0">
              <value>
                <![CDATA["Test Practice questions Find Numbers With Even Number of Digits page and run code"]]>
              </value>
            </param>
            <param index="1">
              <value>
                <![CDATA["Test Arrays page in ds_algo portal"]]>
              </value>
            </param>
          </params>
          <reporter-output>
          </reporter-output>
        </test-method> <!-- runScenario -->
        <test-method signature="runScenario(io.cucumber.testng.PickleWrapper,io.cucumber.testng.FeatureWrapper)[pri:0, instance:Runner.TestRunner@20b2475a]" started-at="2023-04-03T22:31:30 CDT" name="runScenario" description="Runs Cucumber Scenarios" data-provider="scenarios" finished-at="2023-04-03T22:31:36 CDT" duration-ms="5997" status="PASS">
          <params>
            <param index="0">
              <value>
                <![CDATA["Test Practice questions Squares of a Sorted Array page and run code"]]>
              </value>
            </param>
            <param index="1">
              <value>
                <![CDATA["Test Arrays page in ds_algo portal"]]>
              </value>
            </param>
          </params>
          <reporter-output>
          </reporter-output>
        </test-method> <!-- runScenario -->
        <test-method signature="runScenario(io.cucumber.testng.PickleWrapper,io.cucumber.testng.FeatureWrapper)[pri:0, instance:Runner.TestRunner@20b2475a]" started-at="2023-04-03T22:31:36 CDT" name="runScenario" description="Runs Cucumber Scenarios" data-provider="scenarios" finished-at="2023-04-03T22:31:36 CDT" duration-ms="818" status="PASS">
          <params>
            <param index="0">
              <value>
                <![CDATA["User is able to navigate to Introduction Page"]]>
              </value>
            </param>
            <param index="1">
              <value>
                <![CDATA["Test Linked List page in ds_algo portal"]]>
              </value>
            </param>
          </params>
          <reporter-output>
          </reporter-output>
        </test-method> <!-- runScenario -->
        <test-method signature="runScenario(io.cucumber.testng.PickleWrapper,io.cucumber.testng.FeatureWrapper)[pri:0, instance:Runner.TestRunner@20b2475a]" started-at="2023-04-03T22:31:36 CDT" name="runScenario" description="Runs Cucumber Scenarios" data-provider="scenarios" finished-at="2023-04-03T22:31:40 CDT" duration-ms="3558" status="PASS">
          <params>
            <param index="0">
              <value>
                <![CDATA["The user is able to Run valid code in editor page from Introduction page"]]>
              </value>
            </param>
            <param index="1">
              <value>
                <![CDATA["Test Linked List page in ds_algo portal"]]>
              </value>
            </param>
          </params>
          <reporter-output>
          </reporter-output>
        </test-method> <!-- runScenario -->
        <test-method signature="runScenario(io.cucumber.testng.PickleWrapper,io.cucumber.testng.FeatureWrapper)[pri:0, instance:Runner.TestRunner@20b2475a]" started-at="2023-04-03T22:31:40 CDT" name="runScenario" description="Runs Cucumber Scenarios" data-provider="scenarios" finished-at="2023-04-03T22:31:48 CDT" duration-ms="8481" status="PASS">
          <params>
            <param index="0">
              <value>
                <![CDATA["The user is able to Run invalid code in editor page from Introduction page"]]>
              </value>
            </param>
            <param index="1">
              <value>
                <![CDATA["Test Linked List page in ds_algo portal"]]>
              </value>
            </param>
          </params>
          <reporter-output>
          </reporter-output>
        </test-method> <!-- runScenario -->
        <test-method signature="runScenario(io.cucumber.testng.PickleWrapper,io.cucumber.testng.FeatureWrapper)[pri:0, instance:Runner.TestRunner@20b2475a]" started-at="2023-04-03T22:31:48 CDT" name="runScenario" description="Runs Cucumber Scenarios" data-provider="scenarios" finished-at="2023-04-03T22:31:49 CDT" duration-ms="714" status="PASS">
          <params>
            <param index="0">
              <value>
                <![CDATA["User is able to navigate to Practice Questins Page from Introduction Page"]]>
              </value>
            </param>
            <param index="1">
              <value>
                <![CDATA["Test Linked List page in ds_algo portal"]]>
              </value>
            </param>
          </params>
          <reporter-output>
          </reporter-output>
        </test-method> <!-- runScenario -->
        <test-method signature="runScenario(io.cucumber.testng.PickleWrapper,io.cucumber.testng.FeatureWrapper)[pri:0, instance:Runner.TestRunner@20b2475a]" started-at="2023-04-03T22:31:49 CDT" name="runScenario" description="Runs Cucumber Scenarios" data-provider="scenarios" finished-at="2023-04-03T22:31:50 CDT" duration-ms="752" status="PASS">
          <params>
            <param index="0">
              <value>
                <![CDATA["User is able to navigate to Creating Linked List Page"]]>
              </value>
            </param>
            <param index="1">
              <value>
                <![CDATA["Test Linked List page in ds_algo portal"]]>
              </value>
            </param>
          </params>
          <reporter-output>
          </reporter-output>
        </test-method> <!-- runScenario -->
        <test-method signature="runScenario(io.cucumber.testng.PickleWrapper,io.cucumber.testng.FeatureWrapper)[pri:0, instance:Runner.TestRunner@20b2475a]" started-at="2023-04-03T22:31:50 CDT" name="runScenario" description="Runs Cucumber Scenarios" data-provider="scenarios" finished-at="2023-04-03T22:32:02 CDT" duration-ms="11754" status="PASS">
          <params>
            <param index="0">
              <value>
                <![CDATA["The user is able to Run valid code in editor page from Creating Linked List page"]]>
              </value>
            </param>
            <param index="1">
              <value>
                <![CDATA["Test Linked List page in ds_algo portal"]]>
              </value>
            </param>
          </params>
          <reporter-output>
          </reporter-output>
        </test-method> <!-- runScenario -->
        <test-method signature="runScenario(io.cucumber.testng.PickleWrapper,io.cucumber.testng.FeatureWrapper)[pri:0, instance:Runner.TestRunner@20b2475a]" started-at="2023-04-03T22:32:02 CDT" name="runScenario" description="Runs Cucumber Scenarios" data-provider="scenarios" finished-at="2023-04-03T22:32:08 CDT" duration-ms="6742" status="PASS">
          <params>
            <param index="0">
              <value>
                <![CDATA["The user is able to Run invalid code in editor page from Creating Linked List page"]]>
              </value>
            </param>
            <param index="1">
              <value>
                <![CDATA["Test Linked List page in ds_algo portal"]]>
              </value>
            </param>
          </params>
          <reporter-output>
          </reporter-output>
        </test-method> <!-- runScenario -->
        <test-method signature="runScenario(io.cucumber.testng.PickleWrapper,io.cucumber.testng.FeatureWrapper)[pri:0, instance:Runner.TestRunner@20b2475a]" started-at="2023-04-03T22:32:08 CDT" name="runScenario" description="Runs Cucumber Scenarios" data-provider="scenarios" finished-at="2023-04-03T22:32:09 CDT" duration-ms="669" status="PASS">
          <params>
            <param index="0">
              <value>
                <![CDATA["User is able to navigate to Practice Questins Page from Creating Linked List Page"]]>
              </value>
            </param>
            <param index="1">
              <value>
                <![CDATA["Test Linked List page in ds_algo portal"]]>
              </value>
            </param>
          </params>
          <reporter-output>
          </reporter-output>
        </test-method> <!-- runScenario -->
        <test-method signature="runScenario(io.cucumber.testng.PickleWrapper,io.cucumber.testng.FeatureWrapper)[pri:0, instance:Runner.TestRunner@20b2475a]" started-at="2023-04-03T22:32:09 CDT" name="runScenario" description="Runs Cucumber Scenarios" data-provider="scenarios" finished-at="2023-04-03T22:32:10 CDT" duration-ms="875" status="PASS">
          <params>
            <param index="0">
              <value>
                <![CDATA["User is able to navigate to Types of Linked List Page"]]>
              </value>
            </param>
            <param index="1">
              <value>
                <![CDATA["Test Linked List page in ds_algo portal"]]>
              </value>
            </param>
          </params>
          <reporter-output>
          </reporter-output>
        </test-method> <!-- runScenario -->
        <test-method signature="runScenario(io.cucumber.testng.PickleWrapper,io.cucumber.testng.FeatureWrapper)[pri:0, instance:Runner.TestRunner@20b2475a]" started-at="2023-04-03T22:32:10 CDT" name="runScenario" description="Runs Cucumber Scenarios" data-provider="scenarios" finished-at="2023-04-03T22:32:22 CDT" duration-ms="11619" status="PASS">
          <params>
            <param index="0">
              <value>
                <![CDATA["The user is able to Run valid and invalid code in editor page from Types of Linked List page"]]>
              </value>
            </param>
            <param index="1">
              <value>
                <![CDATA["Test Linked List page in ds_algo portal"]]>
              </value>
            </param>
          </params>
          <reporter-output>
          </reporter-output>
        </test-method> <!-- runScenario -->
        <test-method signature="runScenario(io.cucumber.testng.PickleWrapper,io.cucumber.testng.FeatureWrapper)[pri:0, instance:Runner.TestRunner@20b2475a]" started-at="2023-04-03T22:32:22 CDT" name="runScenario" description="Runs Cucumber Scenarios" data-provider="scenarios" finished-at="2023-04-03T22:32:22 CDT" duration-ms="782" status="PASS">
          <params>
            <param index="0">
              <value>
                <![CDATA["User is able to navigate to Practice Questins Page from Types of Linked List Page"]]>
              </value>
            </param>
            <param index="1">
              <value>
                <![CDATA["Test Linked List page in ds_algo portal"]]>
              </value>
            </param>
          </params>
          <reporter-output>
          </reporter-output>
        </test-method> <!-- runScenario -->
        <test-method signature="runScenario(io.cucumber.testng.PickleWrapper,io.cucumber.testng.FeatureWrapper)[pri:0, instance:Runner.TestRunner@20b2475a]" started-at="2023-04-03T22:32:22 CDT" name="runScenario" description="Runs Cucumber Scenarios" data-provider="scenarios" finished-at="2023-04-03T22:32:23 CDT" duration-ms="755" status="PASS">
          <params>
            <param index="0">
              <value>
                <![CDATA["User is able to navigate to Implement Linked List in Python Page"]]>
              </value>
            </param>
            <param index="1">
              <value>
                <![CDATA["Test Linked List page in ds_algo portal"]]>
              </value>
            </param>
          </params>
          <reporter-output>
          </reporter-output>
        </test-method> <!-- runScenario -->
        <test-method signature="runScenario(io.cucumber.testng.PickleWrapper,io.cucumber.testng.FeatureWrapper)[pri:0, instance:Runner.TestRunner@20b2475a]" started-at="2023-04-03T22:32:23 CDT" name="runScenario" description="Runs Cucumber Scenarios" data-provider="scenarios" finished-at="2023-04-03T22:32:33 CDT" duration-ms="10235" status="PASS">
          <params>
            <param index="0">
              <value>
                <![CDATA["The user is able to Run valid and invalid code in editor page from Implement Linked List in Python page"]]>
              </value>
            </param>
            <param index="1">
              <value>
                <![CDATA["Test Linked List page in ds_algo portal"]]>
              </value>
            </param>
          </params>
          <reporter-output>
          </reporter-output>
        </test-method> <!-- runScenario -->
        <test-method signature="runScenario(io.cucumber.testng.PickleWrapper,io.cucumber.testng.FeatureWrapper)[pri:0, instance:Runner.TestRunner@20b2475a]" started-at="2023-04-03T22:32:33 CDT" name="runScenario" description="Runs Cucumber Scenarios" data-provider="scenarios" finished-at="2023-04-03T22:32:34 CDT" duration-ms="716" status="PASS">
          <params>
            <param index="0">
              <value>
                <![CDATA["User is able to navigate to Practice Questins Page from Implement Linked List in Python Page"]]>
              </value>
            </param>
            <param index="1">
              <value>
                <![CDATA["Test Linked List page in ds_algo portal"]]>
              </value>
            </param>
          </params>
          <reporter-output>
          </reporter-output>
        </test-method> <!-- runScenario -->
        <test-method signature="runScenario(io.cucumber.testng.PickleWrapper,io.cucumber.testng.FeatureWrapper)[pri:0, instance:Runner.TestRunner@20b2475a]" started-at="2023-04-03T22:32:34 CDT" name="runScenario" description="Runs Cucumber Scenarios" data-provider="scenarios" finished-at="2023-04-03T22:32:35 CDT" duration-ms="862" status="PASS">
          <params>
            <param index="0">
              <value>
                <![CDATA["User is able to navigate to Traversal Page"]]>
              </value>
            </param>
            <param index="1">
              <value>
                <![CDATA["Test Linked List page in ds_algo portal"]]>
              </value>
            </param>
          </params>
          <reporter-output>
          </reporter-output>
        </test-method> <!-- runScenario -->
        <test-method signature="runScenario(io.cucumber.testng.PickleWrapper,io.cucumber.testng.FeatureWrapper)[pri:0, instance:Runner.TestRunner@20b2475a]" started-at="2023-04-03T22:32:35 CDT" name="runScenario" description="Runs Cucumber Scenarios" data-provider="scenarios" finished-at="2023-04-03T22:32:46 CDT" duration-ms="11354" status="PASS">
          <params>
            <param index="0">
              <value>
                <![CDATA["The user is able to Run valid and invalid code in editor page from Traversal page"]]>
              </value>
            </param>
            <param index="1">
              <value>
                <![CDATA["Test Linked List page in ds_algo portal"]]>
              </value>
            </param>
          </params>
          <reporter-output>
          </reporter-output>
        </test-method> <!-- runScenario -->
        <test-method signature="runScenario(io.cucumber.testng.PickleWrapper,io.cucumber.testng.FeatureWrapper)[pri:0, instance:Runner.TestRunner@20b2475a]" started-at="2023-04-03T22:32:46 CDT" name="runScenario" description="Runs Cucumber Scenarios" data-provider="scenarios" finished-at="2023-04-03T22:32:47 CDT" duration-ms="742" status="PASS">
          <params>
            <param index="0">
              <value>
                <![CDATA["User is able to navigate to Practice Questins Page from Traversal Page"]]>
              </value>
            </param>
            <param index="1">
              <value>
                <![CDATA["Test Linked List page in ds_algo portal"]]>
              </value>
            </param>
          </params>
          <reporter-output>
          </reporter-output>
        </test-method> <!-- runScenario -->
        <test-method signature="runScenario(io.cucumber.testng.PickleWrapper,io.cucumber.testng.FeatureWrapper)[pri:0, instance:Runner.TestRunner@20b2475a]" started-at="2023-04-03T22:32:47 CDT" name="runScenario" description="Runs Cucumber Scenarios" data-provider="scenarios" finished-at="2023-04-03T22:32:48 CDT" duration-ms="792" status="PASS">
          <params>
            <param index="0">
              <value>
                <![CDATA["User is able to navigate to Insertion Page"]]>
              </value>
            </param>
            <param index="1">
              <value>
                <![CDATA["Test Linked List page in ds_algo portal"]]>
              </value>
            </param>
          </params>
          <reporter-output>
          </reporter-output>
        </test-method> <!-- runScenario -->
        <test-method signature="runScenario(io.cucumber.testng.PickleWrapper,io.cucumber.testng.FeatureWrapper)[pri:0, instance:Runner.TestRunner@20b2475a]" started-at="2023-04-03T22:32:48 CDT" name="runScenario" description="Runs Cucumber Scenarios" data-provider="scenarios" finished-at="2023-04-03T22:32:59 CDT" duration-ms="11523" status="PASS">
          <params>
            <param index="0">
              <value>
                <![CDATA["The user is able to Run valid and invalid code in editor page from Insertion page"]]>
              </value>
            </param>
            <param index="1">
              <value>
                <![CDATA["Test Linked List page in ds_algo portal"]]>
              </value>
            </param>
          </params>
          <reporter-output>
          </reporter-output>
        </test-method> <!-- runScenario -->
        <test-method signature="runScenario(io.cucumber.testng.PickleWrapper,io.cucumber.testng.FeatureWrapper)[pri:0, instance:Runner.TestRunner@20b2475a]" started-at="2023-04-03T22:32:59 CDT" name="runScenario" description="Runs Cucumber Scenarios" data-provider="scenarios" finished-at="2023-04-03T22:33:00 CDT" duration-ms="796" status="PASS">
          <params>
            <param index="0">
              <value>
                <![CDATA["User is able to navigate to Practice Questins Page from Insertion Page"]]>
              </value>
            </param>
            <param index="1">
              <value>
                <![CDATA["Test Linked List page in ds_algo portal"]]>
              </value>
            </param>
          </params>
          <reporter-output>
          </reporter-output>
        </test-method> <!-- runScenario -->
        <test-method signature="runScenario(io.cucumber.testng.PickleWrapper,io.cucumber.testng.FeatureWrapper)[pri:0, instance:Runner.TestRunner@20b2475a]" started-at="2023-04-03T22:33:00 CDT" name="runScenario" description="Runs Cucumber Scenarios" data-provider="scenarios" finished-at="2023-04-03T22:33:01 CDT" duration-ms="791" status="PASS">
          <params>
            <param index="0">
              <value>
                <![CDATA["User is able to navigate to Deletion Page"]]>
              </value>
[...]
            </param>
          </params>
          <reporter-output>
          </reporter-output>
        </test-method> <!-- runScenario -->
        <test-method signature="runScenario(io.cucumber.testng.PickleWrapper,io.cucumber.testng.FeatureWrapper)[pri:0, instance:Runner.TestRunner@20b2475a]" started-at="2023-04-03T22:33:54 CDT" name="runScenario" description="Runs Cucumber Scenarios" data-provider="scenarios" finished-at="2023-04-03T22:33:54 CDT" duration-ms="466" status="PASS">
          <params>
            <param index="0">
              <value>
                <![CDATA["The user is able to navigate to queue page and click on  link Implementation using collections.deque"]]>
              </value>
            </param>
            <param index="1">
              <value>
                <![CDATA["Queue"]]>
              </value>
            </param>
          </params>
          <reporter-output>
          </reporter-output>
        </test-method> <!-- runScenario -->
        <test-method signature="runScenario(io.cucumber.testng.PickleWrapper,io.cucumber.testng.FeatureWrapper)[pri:0, instance:Runner.TestRunner@20b2475a]" started-at="2023-04-03T22:33:54 CDT" name="runScenario" description="Runs Cucumber Scenarios" data-provider="scenarios" finished-at="2023-04-03T22:33:55 CDT" duration-ms="768" status="PASS">
          <params>
            <param index="0">
              <value>
                <![CDATA["The user should be directed to editor page with run button to test python code from Implementation using collections.deque  page"]]>
              </value>
            </param>
            <param index="1">
              <value>
                <![CDATA["Queue"]]>
              </value>
            </param>
          </params>
          <reporter-output>
          </reporter-output>
        </test-method> <!-- runScenario -->
        <test-method signature="runScenario(io.cucumber.testng.PickleWrapper,io.cucumber.testng.FeatureWrapper)[pri:0, instance:Runner.TestRunner@20b2475a]" started-at="2023-04-03T22:33:55 CDT" name="runScenario" description="Runs Cucumber Scenarios" data-provider="scenarios" finished-at="2023-04-03T22:34:00 CDT" duration-ms="5025" status="PASS">
          <params>
            <param index="0">
              <value>
                <![CDATA["The user is able to run code in Editor for Implementation using collections.deque page"]]>
              </value>
            </param>
            <param index="1">
              <value>
                <![CDATA["Queue"]]>
              </value>
            </param>
          </params>
          <reporter-output>
          </reporter-output>
        </test-method> <!-- runScenario -->
        <test-method signature="runScenario(io.cucumber.testng.PickleWrapper,io.cucumber.testng.FeatureWrapper)[pri:0, instance:Runner.TestRunner@20b2475a]" started-at="2023-04-03T22:34:00 CDT" name="runScenario" description="Runs Cucumber Scenarios" data-provider="scenarios" finished-at="2023-04-03T22:34:05 CDT" duration-ms="4973" status="PASS">
          <params>
            <param index="0">
              <value>
                <![CDATA["The user is presented with error message for invalid code in Editor for Implementation using collections.deque  page"]]>
              </value>
            </param>
            <param index="1">
              <value>
                <![CDATA["Queue"]]>
              </value>
            </param>
          </params>
          <reporter-output>
          </reporter-output>
        </test-method> <!-- runScenario -->
        <test-method signature="runScenario(io.cucumber.testng.PickleWrapper,io.cucumber.testng.FeatureWrapper)[pri:0, instance:Runner.TestRunner@20b2475a]" started-at="2023-04-03T22:34:05 CDT" name="runScenario" description="Runs Cucumber Scenarios" data-provider="scenarios" finished-at="2023-04-03T22:34:06 CDT" duration-ms="518" status="PASS">
          <params>
            <param index="0">
              <value>
                <![CDATA["The user is able to navigate to overview of trees page"]]>
              </value>
            </param>
            <param index="1">
              <value>
                <![CDATA["graph"]]>
              </value>
            </param>
          </params>
          <reporter-output>
          </reporter-output>
        </test-method> <!-- runScenario -->
        <test-method signature="runScenario(io.cucumber.testng.PickleWrapper,io.cucumber.testng.FeatureWrapper)[pri:0, instance:Runner.TestRunner@20b2475a]" started-at="2023-04-03T22:34:06 CDT" name="runScenario" description="Runs Cucumber Scenarios" data-provider="scenarios" finished-at="2023-04-03T22:34:07 CDT" duration-ms="733" status="PASS">
          <params>
            <param index="0">
              <value>
                <![CDATA["The user should be directed to editor page with run button to test python code"]]>
              </value>
            </param>
            <param index="1">
              <value>
                <![CDATA["graph"]]>
              </value>
            </param>
          </params>
          <reporter-output>
          </reporter-output>
        </test-method> <!-- runScenario -->
        <test-method signature="runScenario(io.cucumber.testng.PickleWrapper,io.cucumber.testng.FeatureWrapper)[pri:0, instance:Runner.TestRunner@20b2475a]" started-at="2023-04-03T22:34:07 CDT" name="runScenario" description="Runs Cucumber Scenarios" data-provider="scenarios" finished-at="2023-04-03T22:34:21 CDT" duration-ms="14566" status="PASS">
          <params>
            <param index="0">
              <value>
                <![CDATA["The user is able to run code in Editor for overview of trees page"]]>
              </value>
            </param>
            <param index="1">
              <value>
                <![CDATA["graph"]]>
              </value>
            </param>
          </params>
          <reporter-output>
          </reporter-output>
        </test-method> <!-- runScenario -->
        <test-method signature="runScenario(io.cucumber.testng.PickleWrapper,io.cucumber.testng.FeatureWrapper)[pri:0, instance:Runner.TestRunner@20b2475a]" started-at="2023-04-03T22:34:21 CDT" name="runScenario" description="Runs Cucumber Scenarios" data-provider="scenarios" finished-at="2023-04-03T22:34:27 CDT" duration-ms="6398" status="PASS">
          <params>
            <param index="0">
              <value>
                <![CDATA["The user is presented with error message for invalid code in Editor for overview of trees page"]]>
              </value>
            </param>
            <param index="1">
              <value>
                <![CDATA["graph"]]>
              </value>
            </param>
          </params>
          <reporter-output>
          </reporter-output>
        </test-method> <!-- runScenario -->
        <test-method signature="runScenario(io.cucumber.testng.PickleWrapper,io.cucumber.testng.FeatureWrapper)[pri:0, instance:Runner.TestRunner@20b2475a]" started-at="2023-04-03T22:34:27 CDT" name="runScenario" description="Runs Cucumber Scenarios" data-provider="scenarios" finished-at="2023-04-03T22:34:28 CDT" duration-ms="507" status="PASS">
          <params>
            <param index="0">
              <value>
                <![CDATA["The user is able to navigate to terminologies page"]]>
              </value>
            </param>
            <param index="1">
              <value>
                <![CDATA["graph"]]>
              </value>
            </param>
          </params>
          <reporter-output>
          </reporter-output>
        </test-method> <!-- runScenario -->
        <test-method signature="runScenario(io.cucumber.testng.PickleWrapper,io.cucumber.testng.FeatureWrapper)[pri:0, instance:Runner.TestRunner@20b2475a]" started-at="2023-04-03T22:34:28 CDT" name="runScenario" description="Runs Cucumber Scenarios" data-provider="scenarios" finished-at="2023-04-03T22:34:29 CDT" duration-ms="759" status="PASS">
          <params>
            <param index="0">
              <value>
                <![CDATA["The user should be directed to editor page with run button to test python code"]]>
              </value>
            </param>
            <param index="1">
              <value>
                <![CDATA["graph"]]>
              </value>
            </param>
          </params>
          <reporter-output>
          </reporter-output>
        </test-method> <!-- runScenario -->
        <test-method signature="runScenario(io.cucumber.testng.PickleWrapper,io.cucumber.testng.FeatureWrapper)[pri:0, instance:Runner.TestRunner@20b2475a]" started-at="2023-04-03T22:34:29 CDT" name="runScenario" description="Runs Cucumber Scenarios" data-provider="scenarios" finished-at="2023-04-03T22:34:43 CDT" duration-ms="14538" status="PASS">
          <params>
            <param index="0">
              <value>
                <![CDATA["The user is able to run code in Editor for terminologies page"]]>
              </value>
            </param>
            <param index="1">
              <value>
                <![CDATA["graph"]]>
              </value>
            </param>
          </params>
          <reporter-output>
          </reporter-output>
        </test-method> <!-- runScenario -->
        <test-method signature="runScenario(io.cucumber.testng.PickleWrapper,io.cucumber.testng.FeatureWrapper)[pri:0, instance:Runner.TestRunner@20b2475a]" started-at="2023-04-03T22:34:43 CDT" name="runScenario" description="Runs Cucumber Scenarios" data-provider="scenarios" finished-at="2023-04-03T22:34:49 CDT" duration-ms="6037" status="PASS">
          <params>
            <param index="0">
              <value>
                <![CDATA["The user is presented with error message for invalid code in Editor for terminologies page"]]>
              </value>
            </param>
            <param index="1">
              <value>
                <![CDATA["graph"]]>
              </value>
            </param>
          </params>
          <reporter-output>
          </reporter-output>
        </test-method> <!-- runScenario -->
        <test-method signature="runScenario(io.cucumber.testng.PickleWrapper,io.cucumber.testng.FeatureWrapper)[pri:0, instance:Runner.TestRunner@20b2475a]" started-at="2023-04-03T22:34:49 CDT" name="runScenario" description="Runs Cucumber Scenarios" data-provider="scenarios" finished-at="2023-04-03T22:34:50 CDT" duration-ms="959" status="PASS">
          <params>
            <param index="0">
              <value>
                <![CDATA["The user is able to navigate to practice questions page"]]>
              </value>
            </param>
            <param index="1">
              <value>
                <![CDATA["graph"]]>
              </value>
            </param>
          </params>
          <reporter-output>
          </reporter-output>
        </test-method> <!-- runScenario -->
        <test-method signature="runScenario(io.cucumber.testng.PickleWrapper,io.cucumber.testng.FeatureWrapper)[pri:0, instance:Runner.TestRunner@20b2475a]" started-at="2023-04-03T22:34:50 CDT" name="runScenario" description="Runs Cucumber Scenarios" data-provider="scenarios" finished-at="2023-04-03T22:34:51 CDT" duration-ms="532" status="PASS">
          <params>
            <param index="0">
              <value>
                <![CDATA["The user is able to navigate to Graph page"]]>
              </value>
            </param>
            <param index="1">
              <value>
                <![CDATA["graph"]]>
              </value>
            </param>
          </params>
          <reporter-output>
          </reporter-output>
        </test-method> <!-- runScenario -->
        <test-method signature="runScenario(io.cucumber.testng.PickleWrapper,io.cucumber.testng.FeatureWrapper)[pri:0, instance:Runner.TestRunner@20b2475a]" started-at="2023-04-03T22:34:51 CDT" name="runScenario" description="Runs Cucumber Scenarios" data-provider="scenarios" finished-at="2023-04-03T22:34:52 CDT" duration-ms="705" status="PASS">
          <params>
            <param index="0">
              <value>
                <![CDATA["The user should be directed to editor page with run button to test python code"]]>
              </value>
            </param>
            <param index="1">
              <value>
                <![CDATA["graph"]]>
              </value>
            </param>
          </params>
          <reporter-output>
          </reporter-output>
        </test-method> <!-- runScenario -->
        <test-method signature="runScenario(io.cucumber.testng.PickleWrapper,io.cucumber.testng.FeatureWrapper)[pri:0, instance:Runner.TestRunner@20b2475a]" started-at="2023-04-03T22:34:52 CDT" name="runScenario" description="Runs Cucumber Scenarios" data-provider="scenarios" finished-at="2023-04-03T22:35:05 CDT" duration-ms="13556" status="PASS">
          <params>
            <param index="0">
              <value>
                <![CDATA["The user is able to run code in Editor for Graph page"]]>
              </value>
            </param>
            <param index="1">
              <value>
                <![CDATA["graph"]]>
              </value>
            </param>
          </params>
          <reporter-output>
          </reporter-output>
        </test-method> <!-- runScenario -->
        <test-method signature="runScenario(io.cucumber.testng.PickleWrapper,io.cucumber.testng.FeatureWrapper)[pri:0, instance:Runner.TestRunner@20b2475a]" started-at="2023-04-03T22:35:05 CDT" name="runScenario" description="Runs Cucumber Scenarios" data-provider="scenarios" finished-at="2023-04-03T22:35:11 CDT" duration-ms="6324" status="PASS">
          <params>
            <param index="0">
              <value>
                <![CDATA["The user is presented with error message for invalid code in Editor for Graph page"]]>
              </value>
            </param>
            <param index="1">
              <value>
                <![CDATA["graph"]]>
              </value>
            </param>
          </params>
          <reporter-output>
          </reporter-output>
        </test-method> <!-- runScenario -->
        <test-method signature="runScenario(io.cucumber.testng.PickleWrapper,io.cucumber.testng.FeatureWrapper)[pri:0, instance:Runner.TestRunner@20b2475a]" started-at="2023-04-03T22:35:11 CDT" name="runScenario" description="Runs Cucumber Scenarios" data-provider="scenarios" finished-at="2023-04-03T22:35:12 CDT" duration-ms="558" status="PASS">
          <params>
            <param index="0">
              <value>
                <![CDATA["The user is able to navigate to graph page and click on Graph Representations link"]]>
              </value>
            </param>
            <param index="1">
              <value>
                <![CDATA["graph"]]>
              </value>
            </param>
          </params>
          <reporter-output>
          </reporter-output>
        </test-method> <!-- runScenario -->
        <test-method signature="runScenario(io.cucumber.testng.PickleWrapper,io.cucumber.testng.FeatureWrapper)[pri:0, instance:Runner.TestRunner@20b2475a]" started-at="2023-04-03T22:35:12 CDT" name="runScenario" description="Runs Cucumber Scenarios" data-provider="scenarios" finished-at="2023-04-03T22:35:13 CDT" duration-ms="746" status="PASS">
          <params>
            <param index="0">
              <value>
                <![CDATA["The user should be directed to editor page with run button to test python code from Graph Representations page"]]>
              </value>
            </param>
            <param index="1">
              <value>
                <![CDATA["graph"]]>
              </value>
            </param>
          </params>
          <reporter-output>
          </reporter-output>
        </test-method> <!-- runScenario -->
        <test-method signature="runScenario(io.cucumber.testng.PickleWrapper,io.cucumber.testng.FeatureWrapper)[pri:0, instance:Runner.TestRunner@20b2475a]" started-at="2023-04-03T22:35:13 CDT" name="runScenario" description="Runs Cucumber Scenarios" data-provider="scenarios" finished-at="2023-04-03T22:35:26 CDT" duration-ms="13061" status="PASS">
          <params>
            <param index="0">
              <value>
                <![CDATA["The user is able to run code in Editor for Graph Representations page"]]>
              </value>
            </param>
            <param index="1">
              <value>
                <![CDATA["graph"]]>
              </value>
            </param>
          </params>
          <reporter-output>
          </reporter-output>
        </test-method> <!-- runScenario -->
        <test-method signature="runScenario(io.cucumber.testng.PickleWrapper,io.cucumber.testng.FeatureWrapper)[pri:0, instance:Runner.TestRunner@20b2475a]" started-at="2023-04-03T22:35:26 CDT" name="runScenario" description="Runs Cucumber Scenarios" data-provider="scenarios" finished-at="2023-04-03T22:35:32 CDT" duration-ms="6183" status="PASS">
          <params>
            <param index="0">
              <value>
                <![CDATA["The user is presented with error message for invalid code in Editor for Graph Representations page"]]>
              </value>
            </param>
            <param index="1">
              <value>
                <![CDATA["graph"]]>
              </value>
            </param>
          </params>
          <reporter-output>
          </reporter-output>
        </test-method> <!-- runScenario -->
        <test-method signature="runScenario(io.cucumber.testng.PickleWrapper,io.cucumber.testng.FeatureWrapper)[pri:0, instance:Runner.TestRunner@20b2475a]" started-at="2023-04-03T22:35:32 CDT" name="runScenario" description="Runs Cucumber Scenarios" data-provider="scenarios" finished-at="2023-04-03T22:35:33 CDT" duration-ms="632" status="PASS">
          <params>
            <param index="0">
              <value>
                <![CDATA["The user is able to navigate to graph representations page and click on Practice Questions"]]>
              </value>
            </param>
            <param index="1">
              <value>
                <![CDATA["graph"]]>
              </value>
            </param>
          </params>
          <reporter-output>
          </reporter-output>
        </test-method> <!-- runScenario -->
        <test-method signature="runScenario(io.cucumber.testng.PickleWrapper,io.cucumber.testng.FeatureWrapper)[pri:0, instance:Runner.TestRunner@20b2475a]" started-at="2023-04-03T22:35:33 CDT" name="runScenario" description="Runs Cucumber Scenarios" data-provider="scenarios" finished-at="2023-04-03T22:35:33 CDT" duration-ms="746" status="PASS">
          <params>
            <param index="0">
              <value>
                <![CDATA["Verifying signout link in home page"]]>
              </value>
            </param>
            <param index="1">
              <value>
                <![CDATA["graph"]]>
              </value>
            </param>
          </params>
          <reporter-output>
          </reporter-output>
        </test-method> <!-- runScenario -->
        <test-method is-config="true" signature="tearDownClass()[pri:0, instance:Runner.TestRunner@20b2475a]" started-at="2023-04-03T22:35:33 CDT" name="tearDownClass" finished-at="2023-04-03T22:35:46 CDT" duration-ms="12725" status="PASS">
          <reporter-output>
          </reporter-output>
        </test-method> <!-- tearDownClass -->
      </class> <!-- Runner.TestRunner -->
    </test> <!-- Default test -->
  </suite> <!-- Default suite -->
</testng-results>
